2026-06-03 17:42:25 [INFO] 登录：https://dev.manjikeabc.com
2026-06-03 17:42:30 [INFO] 登录成功，token=eyJhbGciOiJI...
2026-06-03 17:48:55 [INFO] ============================================================
2026-06-03 17:48:55 [INFO] 意向学员导出开始
2026-06-03 17:48:55 [INFO] host=https://dev.manjikeabc.com, account=admin
2026-06-03 17:48:55 [INFO] output=D:\桌面文件\新建文件夹\manjike-tools\prospect\意向学员数据导出_2026-06-03.json, validate=True, timeout=600s
2026-06-03 17:48:55 [INFO] ============================================================
2026-06-03 17:48:55 [INFO] 登录：https://dev.manjikeabc.com
2026-06-03 17:48:56 [INFO] 登录成功，token=eyJhbGciOiJI...
2026-06-03 17:48:56 [INFO] 请求导出：https://dev.manjikeabc.com/api/prospect/prospective-students/export
2026-06-03 17:49:04 [INFO] 已写入：D:\桌面文件\新建文件夹\manjike-tools\prospect\意向学员数据导出_2026-06-03.json（5.83 MB）
2026-06-03 17:49:04 [INFO] 校验 JSON 结构（大文件可能需数十秒）...
2026-06-03 17:49:04 [INFO] 校验通过：共 18790 条意向学员
2026-06-03 17:49:04 [INFO] 首条字段示例：['意向学员微信号', '意向学员微信原始ID', '是否报名', '来源']
2026-06-03 17:49:04 [INFO] === 导出完成 ===
2026-06-03 17:55:59 [INFO] ============================================================
2026-06-03 17:55:59 [INFO] 意向学员导出开始
2026-06-03 17:55:59 [INFO] host=https://dev.manjikeabc.com, account=admin
2026-06-03 17:55:59 [INFO] output=D:\桌面文件\新建文件夹\manjike-tools\prospect\意向学员数据导出.json, validate=True, timeout=600s
2026-06-03 17:55:59 [INFO] ============================================================
2026-06-03 17:55:59 [INFO] 登录：https://dev.manjikeabc.com
2026-06-03 17:55:59 [INFO] 登录成功，token=eyJhbGciOiJI...
2026-06-03 17:55:59 [INFO] 请求导出：https://dev.manjikeabc.com/api/prospect/prospective-students/export
2026-06-03 17:56:08 [INFO] 已写入主文件：D:\桌面文件\新建文件夹\manjike-tools\prospect\意向学员数据导出.json（5.83 MB）
2026-06-03 17:56:08 [INFO] 已写入时间戳快照：D:\桌面文件\新建文件夹\manjike-tools\prospect\logs\意向学员数据导出_20260603_175608.json（6109541 B）
2026-06-03 17:56:08 [INFO] 校验 JSON 结构（大文件可能需数十秒）...
2026-06-03 17:56:08 [INFO] 校验通过：共 18790 条意向学员
2026-06-03 17:56:08 [INFO] 首条字段示例：['意向学员微信号', '意向学员微信原始ID', '是否报名', '来源']
2026-06-03 17:56:08 [INFO] === 导出完成 ===
2026-06-03 17:56:08 [INFO] ============================================================
2026-06-03 17:56:08 [INFO] 意向学员导出开始
2026-06-03 17:56:08 [INFO] host=https://dev.manjikeabc.com, account=admin
2026-06-03 17:56:08 [INFO] output=D:\桌面文件\新建文件夹\manjike-tools\prospect\意向学员数据导出.json, validate=True, timeout=600s
2026-06-03 17:56:08 [INFO] ============================================================
2026-06-03 17:56:08 [INFO] 登录：https://dev.manjikeabc.com
2026-06-03 17:56:08 [INFO] 登录成功，token=eyJhbGciOiJI...
2026-06-03 17:56:08 [INFO] 请求导出：https://dev.manjikeabc.com/api/prospect/prospective-students/export
2026-06-03 17:56:17 [INFO] 已写入主文件：D:\桌面文件\新建文件夹\manjike-tools\prospect\意向学员数据导出.json（5.83 MB）
2026-06-03 17:56:17 [INFO] 已写入时间戳快照：D:\桌面文件\新建文件夹\manjike-tools\prospect\logs\意向学员数据导出_20260603_175617.json（6109541 B）
2026-06-03 17:56:17 [INFO] 校验 JSON 结构（大文件可能需数十秒）...
2026-06-03 17:56:17 [INFO] 校验通过：共 18790 条意向学员
2026-06-03 17:56:17 [INFO] 首条字段示例：['意向学员微信号', '意向学员微信原始ID', '是否报名', '来源']
2026-06-03 17:56:17 [INFO] === 导出完成 ===
