[2026-05-07 15:05:19] [INFO] ============================================================
[2026-05-07 15:05:19] [INFO] 启动慧分账自动下载脚本
[2026-05-07 15:05:19] [INFO] 日期范围: 2026-05-06 ~ 2026-05-07
[2026-05-07 15:05:19] [INFO] 下载目录: D:\桌面文件\新建文件夹\慧分账下载\downloads
[2026-05-07 15:05:19] [INFO] ============================================================
[2026-05-07 15:05:29] [INFO] 未找到 cookies.pkl，跳过自动登录
[2026-05-07 15:05:47] [INFO] 请在浏览器中手动完成登录，最长等待 300 秒...
[2026-05-07 15:05:53] [ERROR] 流程失败：Message: invalid session id: session deleted as the browser has closed the connection
from disconnected: not connected to DevTools
  (Session info: chrome=147.0.7727.117); For documentation on this error, please visit: https://www.selenium.dev/documentation/webdriver/troubleshooting/errors#invalidsessionidexception
Stacktrace:
	chromedriver!GetHandleVerifier [0x99b373+10553]
	chromedriver!GetHandleVerifier [0x99b4a4+10684]
	chromedriver!(No symbol) [0x7a1e10]
	chromedriver!(No symbol) [0x790d8e]
	chromedriver!(No symbol) [0x7af8d9]
	chromedriver!(No symbol) [0x813dbc]
	chromedriver!(No symbol) [0x82a3a9]
	chromedriver!(No symbol) [0x80d606]
	chromedriver!(No symbol) [0x7e0039]
	chromedriver!(No symbol) [0x7e0df4]
	chromedriver!GetHandleVerifier [0xc1ddb4+292f94]
	chromedriver!GetHandleVerifier [0xc1937d+28e55d]
	chromedriver!GetHandleVerifier [0xc38215+2ad3f5]
	chromedriver!GetHandleVerifier [0x9b4c18+29df8]
	chromedriver!GetHandleVerifier [0x9bc6fd+318dd]
	chromedriver!GetHandleVerifier [0x9a3c78+18e58]
	chromedriver!GetHandleVerifier [0x9a3e42+19022]
	chromedriver!GetHandleVerifier [0x98d45f+263f]
	KERNEL32!BaseThreadInitThunk [0x75ce5d49+19]
	ntdll!RtlInitializeExceptionChain [0x7770d83b+6b]
	ntdll!RtlGetAppContainerNamedObjectPath [0x7770d7c1+231]

[2026-05-07 15:05:53] [ERROR] Traceback (most recent call last):
  File "D:\桌面文件\新建文件夹\慧分账下载\main.py", line 142, in main
    wait_for_manual_login(driver, logger)
    ~~~~~~~~~~~~~~~~~~~~~^^^^^^^^^^^^^^^^
  File "D:\桌面文件\新建文件夹\慧分账下载\main.py", line 85, in wait_for_manual_login
    if is_logged_in(driver):
       ~~~~~~~~~~~~^^^^^^^^
  File "D:\桌面文件\新建文件夹\慧分账下载\main.py", line 66, in is_logged_in
    current = (driver.current_url or "").lower()
               ^^^^^^^^^^^^^^^^^^
  File "D:\桌面文件\新建文件夹\慧分账下载\.venv\Lib\site-packages\selenium\webdriver\remote\webdriver.py", line 560, in current_url
    return self.execute(Command.GET_CURRENT_URL)["value"]
           ~~~~~~~~~~~~^^^^^^^^^^^^^^^^^^^^^^^^^
  File "D:\桌面文件\新建文件夹\慧分账下载\.venv\Lib\site-packages\selenium\webdriver\remote\webdriver.py", line 450, in execute
    self.error_handler.check_response(response)
    ~~~~~~~~~~~~~~~~~~~~~~~~~~~~~~~~~^^^^^^^^^^
  File "D:\桌面文件\新建文件夹\慧分账下载\.venv\Lib\site-packages\selenium\webdriver\remote\errorhandler.py", line 232, in check_response
    raise exception_class(message, screen, stacktrace)
selenium.common.exceptions.InvalidSessionIdException: Message: invalid session id: session deleted as the browser has closed the connection
from disconnected: not connected to DevTools
  (Session info: chrome=147.0.7727.117); For documentation on this error, please visit: https://www.selenium.dev/documentation/webdriver/troubleshooting/errors#invalidsessionidexception
Stacktrace:
	chromedriver!GetHandleVerifier [0x99b373+10553]
	chromedriver!GetHandleVerifier [0x99b4a4+10684]
	chromedriver!(No symbol) [0x7a1e10]
	chromedriver!(No symbol) [0x790d8e]
	chromedriver!(No symbol) [0x7af8d9]
	chromedriver!(No symbol) [0x813dbc]
	chromedriver!(No symbol) [0x82a3a9]
	chromedriver!(No symbol) [0x80d606]
	chromedriver!(No symbol) [0x7e0039]
	chromedriver!(No symbol) [0x7e0df4]
	chromedriver!GetHandleVerifier [0xc1ddb4+292f94]
	chromedriver!GetHandleVerifier [0xc1937d+28e55d]
	chromedriver!GetHandleVerifier [0xc38215+2ad3f5]
	chromedriver!GetHandleVerifier [0x9b4c18+29df8]
	chromedriver!GetHandleVerifier [0x9bc6fd+318dd]
	chromedriver!GetHandleVerifier [0x9a3c78+18e58]
	chromedriver!GetHandleVerifier [0x9a3e42+19022]
	chromedriver!GetHandleVerifier [0x98d45f+263f]
	KERNEL32!BaseThreadInitThunk [0x75ce5d49+19]
	ntdll!RtlInitializeExceptionChain [0x7770d83b+6b]
	ntdll!RtlGetAppContainerNamedObjectPath [0x7770d7c1+231]


[2026-05-07 15:05:53] [ERROR] 已保存错误截图：D:\桌面文件\新建文件夹\慧分账下载\logs\error_20260507_150553.png
[2026-05-07 15:05:55] [INFO] 浏览器已关闭
[2026-05-07 15:06:10] [INFO] ============================================================
[2026-05-07 15:06:10] [INFO] 启动慧分账自动下载脚本
[2026-05-07 15:06:10] [INFO] 日期范围: 2026-05-06 ~ 2026-05-07
[2026-05-07 15:06:10] [INFO] 下载目录: D:\桌面文件\新建文件夹\慧分账下载\downloads
[2026-05-07 15:06:10] [INFO] ============================================================
[2026-05-07 15:06:13] [INFO] 未找到 cookies.pkl，跳过自动登录
[2026-05-07 15:06:25] [INFO] 请在浏览器中手动完成登录，最长等待 300 秒...
[2026-05-07 15:08:35] [INFO] 检测到登录成功
[2026-05-07 15:08:35] [INFO] 已保存最新 cookies 到: D:\桌面文件\新建文件夹\慧分账下载\cookies.pkl
[2026-05-07 15:08:36] [INFO] 开始设置日期范围: 2026-05-06 ~ 2026-05-07
[2026-05-07 15:08:36] [INFO] 日期设置完成
[2026-05-07 15:08:36] [INFO] 点击「查询」按钮
[2026-05-07 15:08:37] [WARNING] 常规点击失败，尝试 JS 点击: Message: element click intercepted: Element <button data-v-474c112f="" class="ant-btn ant-btn-primary" type="button">...</button> is not clickable at point (276, 216). Other element would receive the click: <div class="ant-spin ant-spin-spinning">...</div>
  (Session info: chrome=147.0.7727.117); For documentation on this error, please visit: https://www.selenium.dev/documentation/webdriver/troubleshooting/errors#elementclickinterceptedexception
Stacktrace:
	chromedriver!GetHandleVerifier [0x99b373+10553]
	chromedriver!GetHandleVerifier [0x99b4a4+10684]
	chromedriver!(No symbol) [0x7a1e10]
	chromedriver!(No symbol) [0x7f10c8]
	chromedriver!(No symbol) [0x7ef2d9]
	chromedriver!(No symbol) [0x7ecc92]
	chromedriver!(No symbol) [0x7ebea4]
	chromedriver!(No symbol) [0x7e1ab8]
	chromedriver!(No symbol) [0x80d86c]
	chromedriver!(No symbol) [0x7e14f4]
	chromedriver!(No symbol) [0x80da34]
	chromedriver!(No symbol) [0x82aa36]
	chromedriver!(No symbol) [0x80d606]
	chromedriver!(No symbol) [0x7e0039]
	chromedriver!(No symbol) [0x7e0df4]
	chromedriver!GetHandleVerifier [0xc1ddb4+292f94]
	chromedriver!GetHandleVerifier [0xc1937d+28e55d]
	chromedriver!GetHandleVerifier [0xc38215+2ad3f5]
	chromedriver!GetHandleVerifier [0x9b4c18+29df8]
	chromedriver!GetHandleVerifier [0x9bc6fd+318dd]
	chromedriver!GetHandleVerifier [0x9a3c78+18e58]
	chromedriver!GetHandleVerifier [0x9a3e42+19022]
	chromedriver!GetHandleVerifier [0x98d45f+263f]
	KERNEL32!BaseThreadInitThunk [0x75ce5d49+19]
	ntdll!RtlInitializeExceptionChain [0x7770d83b+6b]
	ntdll!RtlGetAppContainerNamedObjectPath [0x7770d7c1+231]

[2026-05-07 15:08:38] [INFO] 等待表格加载...
[2026-05-07 15:09:38] [WARNING] 表格行等待超时，继续尝试下载
[2026-05-07 15:09:38] [INFO] 表格已就绪
[2026-05-07 15:09:38] [INFO] 点击「下载」按钮
[2026-05-07 15:13:21] [INFO] ============================================================
[2026-05-07 15:13:21] [INFO] 启动慧分账自动下载脚本
[2026-05-07 15:13:21] [INFO] 账号: fahuojishu   日期范围: 2026-05-06 ~ 2026-05-07
[2026-05-07 15:13:21] [INFO] 下载目录: D:\桌面文件\新建文件夹\慧分账下载\downloads
[2026-05-07 15:13:21] [INFO] ============================================================
[2026-05-07 15:13:39] [INFO] 检测到 cookies.pkl，尝试 cookie 自动登录...
[2026-05-07 15:13:41] [INFO] 等待登录跳转...
[2026-05-07 15:13:51] [WARNING] Cookie 已过期或失效，回退到账号密码登录
[2026-05-07 15:13:52] [INFO] 开始自动登录: fahuojishu
[2026-05-07 15:19:04] [ERROR] 流程失败：Message: invalid session id: session deleted as the browser has closed the connection
from disconnected: not connected to DevTools
  (Session info: chrome=147.0.7727.117); For documentation on this error, please visit: https://www.selenium.dev/documentation/webdriver/troubleshooting/errors#invalidsessionidexception
Stacktrace:
	chromedriver!GetHandleVerifier [0x99b373+10553]
	chromedriver!GetHandleVerifier [0x99b4a4+10684]
	chromedriver!(No symbol) [0x7a1e10]
	chromedriver!(No symbol) [0x790d8e]
	chromedriver!(No symbol) [0x7af8d9]
	chromedriver!(No symbol) [0x813dbc]
	chromedriver!(No symbol) [0x82a3a9]
	chromedriver!(No symbol) [0x80d606]
	chromedriver!(No symbol) [0x7e0039]
	chromedriver!(No symbol) [0x7e0df4]
	chromedriver!GetHandleVerifier [0xc1ddb4+292f94]
	chromedriver!GetHandleVerifier [0xc1937d+28e55d]
	chromedriver!GetHandleVerifier [0xc38215+2ad3f5]
	chromedriver!GetHandleVerifier [0x9b4c18+29df8]
	chromedriver!GetHandleVerifier [0x9bc6fd+318dd]
	chromedriver!GetHandleVerifier [0x9a3c78+18e58]
	chromedriver!GetHandleVerifier [0x9a3e42+19022]
	chromedriver!GetHandleVerifier [0x98d45f+263f]
	KERNEL32!BaseThreadInitThunk [0x75ce5d49+19]
	ntdll!RtlInitializeExceptionChain [0x7770d83b+6b]
	ntdll!RtlGetAppContainerNamedObjectPath [0x7770d7c1+231]

[2026-05-07 15:19:04] [ERROR] Traceback (most recent call last):
  File "D:\桌面文件\新建文件夹\慧分账下载\main.py", line 121, in main
    login_flow(driver, logger)
    ~~~~~~~~~~^^^^^^^^^^^^^^^^
  File "D:\桌面文件\新建文件夹\慧分账下载\main.py", line 93, in login_flow
    auto_login(driver, USERNAME, PASSWORD, logger, timeout=LOGIN_TIMEOUT)
    ~~~~~~~~~~^^^^^^^^^^^^^^^^^^^^^^^^^^^^^^^^^^^^^^^^^^^^^^^^^^^^^^^^^^^
  File "D:\桌面文件\新建文件夹\慧分账下载\utils\page_actions.py", line 135, in auto_login
    safe_click(driver, LOGIN_BUTTON_LOCATORS, timeout=timeout)
    ~~~~~~~~~~^^^^^^^^^^^^^^^^^^^^^^^^^^^^^^^^^^^^^^^^^^^^^^^^
  File "D:\桌面文件\新建文件夹\慧分账下载\utils\safe.py", line 139, in safe_click
    el = find_first_visible(driver, locators, timeout=timeout, require_clickable=True)
  File "D:\桌面文件\新建文件夹\慧分账下载\utils\safe.py", line 104, in find_first_visible
    return WebDriverWait(driver, timeout).until(cond)
           ~~~~~~~~~~~~~~~~~~~~~~~~~~~~~~~~~~~~^^^^^^
  File "D:\桌面文件\新建文件夹\慧分账下载\.venv\Lib\site-packages\selenium\webdriver\support\wait.py", line 112, in until
    value = method(self._driver)
  File "D:\桌面文件\新建文件夹\慧分账下载\.venv\Lib\site-packages\selenium\webdriver\support\expected_conditions.py", line 514, in _predicate
    target = driver.find_element(*target)  # grab element at locator
  File "D:\桌面文件\新建文件夹\慧分账下载\.venv\Lib\site-packages\selenium\webdriver\remote\webdriver.py", line 823, in find_element
    return self.execute(Command.FIND_ELEMENT, {"using": by, "value": value})["value"]
           ~~~~~~~~~~~~^^^^^^^^^^^^^^^^^^^^^^^^^^^^^^^^^^^^^^^^^^^^^^^^^^^^^
  File "D:\桌面文件\新建文件夹\慧分账下载\.venv\Lib\site-packages\selenium\webdriver\remote\webdriver.py", line 450, in execute
    self.error_handler.check_response(response)
    ~~~~~~~~~~~~~~~~~~~~~~~~~~~~~~~~~^^^^^^^^^^
  File "D:\桌面文件\新建文件夹\慧分账下载\.venv\Lib\site-packages\selenium\webdriver\remote\errorhandler.py", line 232, in check_response
    raise exception_class(message, screen, stacktrace)
selenium.common.exceptions.InvalidSessionIdException: Message: invalid session id: session deleted as the browser has closed the connection
from disconnected: not connected to DevTools
  (Session info: chrome=147.0.7727.117); For documentation on this error, please visit: https://www.selenium.dev/documentation/webdriver/troubleshooting/errors#invalidsessionidexception
Stacktrace:
	chromedriver!GetHandleVerifier [0x99b373+10553]
	chromedriver!GetHandleVerifier [0x99b4a4+10684]
	chromedriver!(No symbol) [0x7a1e10]
	chromedriver!(No symbol) [0x790d8e]
	chromedriver!(No symbol) [0x7af8d9]
	chromedriver!(No symbol) [0x813dbc]
	chromedriver!(No symbol) [0x82a3a9]
	chromedriver!(No symbol) [0x80d606]
	chromedriver!(No symbol) [0x7e0039]
	chromedriver!(No symbol) [0x7e0df4]
	chromedriver!GetHandleVerifier [0xc1ddb4+292f94]
	chromedriver!GetHandleVerifier [0xc1937d+28e55d]
	chromedriver!GetHandleVerifier [0xc38215+2ad3f5]
	chromedriver!GetHandleVerifier [0x9b4c18+29df8]
	chromedriver!GetHandleVerifier [0x9bc6fd+318dd]
	chromedriver!GetHandleVerifier [0x9a3c78+18e58]
	chromedriver!GetHandleVerifier [0x9a3e42+19022]
	chromedriver!GetHandleVerifier [0x98d45f+263f]
	KERNEL32!BaseThreadInitThunk [0x75ce5d49+19]
	ntdll!RtlInitializeExceptionChain [0x7770d83b+6b]
	ntdll!RtlGetAppContainerNamedObjectPath [0x7770d7c1+231]


[2026-05-07 15:19:04] [ERROR] 已保存错误截图：D:\桌面文件\新建文件夹\慧分账下载\logs\error_20260507_151904.png
[2026-05-07 15:19:06] [INFO] 浏览器已关闭
[2026-05-07 15:23:51] [INFO] ============================================================
[2026-05-07 15:23:51] [INFO] 启动慧分账自动下载脚本
[2026-05-07 15:23:51] [INFO] 账号: fahuojishu   日期范围: 2026-05-06 ~ 2026-05-07
[2026-05-07 15:23:51] [INFO] 下载目录: D:\桌面文件\新建文件夹\慧分账下载\downloads
[2026-05-07 15:23:51] [INFO] Chrome Profile: D:\桌面文件\新建文件夹\慧分账下载\chrome_profile
[2026-05-07 15:23:51] [INFO] ============================================================
[2026-05-07 15:24:33] [INFO] 未登录，执行自动账号密码登录
[2026-05-07 15:24:33] [INFO] 开始自动登录: fahuojishu
[2026-05-07 15:25:36] [ERROR] 流程失败：Message: invalid session id: session deleted as the browser has closed the connection
from disconnected: not connected to DevTools
  (Session info: chrome=147.0.7727.117); For documentation on this error, please visit: https://www.selenium.dev/documentation/webdriver/troubleshooting/errors#invalidsessionidexception
Stacktrace:
	chromedriver!GetHandleVerifier [0x99b373+10553]
	chromedriver!GetHandleVerifier [0x99b4a4+10684]
	chromedriver!(No symbol) [0x7a1e10]
	chromedriver!(No symbol) [0x790d8e]
	chromedriver!(No symbol) [0x7af8d9]
	chromedriver!(No symbol) [0x813dbc]
	chromedriver!(No symbol) [0x82a3a9]
	chromedriver!(No symbol) [0x80d606]
	chromedriver!(No symbol) [0x7e0039]
	chromedriver!(No symbol) [0x7e0df4]
	chromedriver!GetHandleVerifier [0xc1ddb4+292f94]
	chromedriver!GetHandleVerifier [0xc1937d+28e55d]
	chromedriver!GetHandleVerifier [0xc38215+2ad3f5]
	chromedriver!GetHandleVerifier [0x9b4c18+29df8]
	chromedriver!GetHandleVerifier [0x9bc6fd+318dd]
	chromedriver!GetHandleVerifier [0x9a3c78+18e58]
	chromedriver!GetHandleVerifier [0x9a3e42+19022]
	chromedriver!GetHandleVerifier [0x98d45f+263f]
	KERNEL32!BaseThreadInitThunk [0x75ce5d49+19]
	ntdll!RtlInitializeExceptionChain [0x7770d83b+6b]
	ntdll!RtlGetAppContainerNamedObjectPath [0x7770d7c1+231]

[2026-05-07 15:25:36] [ERROR] Traceback (most recent call last):
  File "D:\桌面文件\新建文件夹\慧分账下载\main.py", line 111, in main
    ensure_logged_in(driver)
    ~~~~~~~~~~~~~~~~^^^^^^^^
  File "D:\桌面文件\新建文件夹\慧分账下载\main.py", line 81, in ensure_logged_in
    auto_login(driver, USERNAME, PASSWORD, timeout=LOGIN_TIMEOUT)
    ~~~~~~~~~~^^^^^^^^^^^^^^^^^^^^^^^^^^^^^^^^^^^^^^^^^^^^^^^^^^^
  File "D:\桌面文件\新建文件夹\慧分账下载\utils\page_actions.py", line 142, in auto_login
    user_el = find_first_visible(driver, USERNAME_LOCATORS, timeout=timeout, require_clickable=True)
  File "D:\桌面文件\新建文件夹\慧分账下载\utils\safe.py", line 68, in find_first_visible
    return WebDriverWait(driver, timeout).until(cond)
           ~~~~~~~~~~~~~~~~~~~~~~~~~~~~~~~~~~~~^^^^^^
  File "D:\桌面文件\新建文件夹\慧分账下载\.venv\Lib\site-packages\selenium\webdriver\support\wait.py", line 112, in until
    value = method(self._driver)
  File "D:\桌面文件\新建文件夹\慧分账下载\.venv\Lib\site-packages\selenium\webdriver\support\expected_conditions.py", line 514, in _predicate
    target = driver.find_element(*target)  # grab element at locator
  File "D:\桌面文件\新建文件夹\慧分账下载\.venv\Lib\site-packages\selenium\webdriver\remote\webdriver.py", line 823, in find_element
    return self.execute(Command.FIND_ELEMENT, {"using": by, "value": value})["value"]
           ~~~~~~~~~~~~^^^^^^^^^^^^^^^^^^^^^^^^^^^^^^^^^^^^^^^^^^^^^^^^^^^^^
  File "D:\桌面文件\新建文件夹\慧分账下载\.venv\Lib\site-packages\selenium\webdriver\remote\webdriver.py", line 450, in execute
    self.error_handler.check_response(response)
    ~~~~~~~~~~~~~~~~~~~~~~~~~~~~~~~~~^^^^^^^^^^
  File "D:\桌面文件\新建文件夹\慧分账下载\.venv\Lib\site-packages\selenium\webdriver\remote\errorhandler.py", line 232, in check_response
    raise exception_class(message, screen, stacktrace)
selenium.common.exceptions.InvalidSessionIdException: Message: invalid session id: session deleted as the browser has closed the connection
from disconnected: not connected to DevTools
  (Session info: chrome=147.0.7727.117); For documentation on this error, please visit: https://www.selenium.dev/documentation/webdriver/troubleshooting/errors#invalidsessionidexception
Stacktrace:
	chromedriver!GetHandleVerifier [0x99b373+10553]
	chromedriver!GetHandleVerifier [0x99b4a4+10684]
	chromedriver!(No symbol) [0x7a1e10]
	chromedriver!(No symbol) [0x790d8e]
	chromedriver!(No symbol) [0x7af8d9]
	chromedriver!(No symbol) [0x813dbc]
	chromedriver!(No symbol) [0x82a3a9]
	chromedriver!(No symbol) [0x80d606]
	chromedriver!(No symbol) [0x7e0039]
	chromedriver!(No symbol) [0x7e0df4]
	chromedriver!GetHandleVerifier [0xc1ddb4+292f94]
	chromedriver!GetHandleVerifier [0xc1937d+28e55d]
	chromedriver!GetHandleVerifier [0xc38215+2ad3f5]
	chromedriver!GetHandleVerifier [0x9b4c18+29df8]
	chromedriver!GetHandleVerifier [0x9bc6fd+318dd]
	chromedriver!GetHandleVerifier [0x9a3c78+18e58]
	chromedriver!GetHandleVerifier [0x9a3e42+19022]
	chromedriver!GetHandleVerifier [0x98d45f+263f]
	KERNEL32!BaseThreadInitThunk [0x75ce5d49+19]
	ntdll!RtlInitializeExceptionChain [0x7770d83b+6b]
	ntdll!RtlGetAppContainerNamedObjectPath [0x7770d7c1+231]


[2026-05-07 15:25:36] [ERROR] 已保存错误截图：D:\桌面文件\新建文件夹\慧分账下载\logs\error_20260507_152536.png
[2026-05-07 15:25:38] [INFO] 浏览器已关闭
[2026-05-07 15:25:46] [INFO] ============================================================
[2026-05-07 15:25:46] [INFO] 启动慧分账自动下载脚本
[2026-05-07 15:25:46] [INFO] 账号: fahuojishu   日期范围: 2026-05-06 ~ 2026-05-07
[2026-05-07 15:25:46] [INFO] 下载目录: D:\桌面文件\新建文件夹\慧分账下载\downloads
[2026-05-07 15:25:46] [INFO] Chrome Profile: D:\桌面文件\新建文件夹\慧分账下载\chrome_profile
[2026-05-07 15:25:46] [INFO] ============================================================
[2026-05-07 15:26:16] [INFO] 未登录，执行自动账号密码登录
[2026-05-07 15:26:16] [INFO] 开始自动登录: fahuojishu
[2026-05-07 15:42:24] [ERROR] 流程失败：Message: 所有定位策略均失败: [('xpath', "//button[.//span[normalize-space(text())='登录']]"), ('xpath', "//button[normalize-space(text())='登录']"), ('xpath', "//button[contains(normalize-space(text()),'登 录')]"), ('css selector', 'button.el-button--primary'), ('css selector', "button[type='submit']")], last: Message: 
Stacktrace:
	chromedriver!GetHandleVerifier [0x99b373+10553]
	chromedriver!GetHandleVerifier [0x99b4a4+10684]
	chromedriver!(No symbol) [0x7a1e10]
	chromedriver!(No symbol) [0x7ea9da]
	chromedriver!(No symbol) [0x7eac7b]
	chromedriver!(No symbol) [0x82d162]
	chromedriver!(No symbol) [0x80d8b4]
	chromedriver!(No symbol) [0x82aa36]
	chromedriver!(No symbol) [0x80d606]
	chromedriver!(No symbol) [0x7e0039]
	chromedriver!(No symbol) [0x7e0df4]
	chromedriver!GetHandleVerifier [0xc1ddb4+292f94]
	chromedriver!GetHandleVerifier [0xc1937d+28e55d]
	chromedriver!GetHandleVerifier [0xc38215+2ad3f5]
	chromedriver!GetHandleVerifier [0x9b4c18+29df8]
	chromedriver!GetHandleVerifier [0x9bc6fd+318dd]
	chromedriver!GetHandleVerifier [0x9a3c78+18e58]
	chromedriver!GetHandleVerifier [0x9a3e42+19022]
	chromedriver!GetHandleVerifier [0x98d45f+263f]
	KERNEL32!BaseThreadInitThunk [0x75ce5d49+19]
	ntdll!RtlInitializeExceptionChain [0x7770d83b+6b]
	ntdll!RtlGetAppContainerNamedObjectPath [0x7770d7c1+231]


[2026-05-07 15:42:24] [ERROR] Traceback (most recent call last):
  File "D:\桌面文件\新建文件夹\慧分账下载\main.py", line 111, in main
    ensure_logged_in(driver)
    ~~~~~~~~~~~~~~~~^^^^^^^^
  File "D:\桌面文件\新建文件夹\慧分账下载\main.py", line 81, in ensure_logged_in
    auto_login(driver, USERNAME, PASSWORD, timeout=LOGIN_TIMEOUT)
    ~~~~~~~~~~^^^^^^^^^^^^^^^^^^^^^^^^^^^^^^^^^^^^^^^^^^^^^^^^^^^
  File "D:\桌面文件\新建文件夹\慧分账下载\utils\page_actions.py", line 148, in auto_login
    safe_click(driver, LOGIN_BUTTON_LOCATORS, timeout=timeout)
    ~~~~~~~~~~^^^^^^^^^^^^^^^^^^^^^^^^^^^^^^^^^^^^^^^^^^^^^^^^
  File "D:\桌面文件\新建文件夹\慧分账下载\utils\safe.py", line 140, in safe_click
    else find_first_visible(driver, locators, timeout=timeout, require_clickable=True)
         ~~~~~~~~~~~~~~~~~~^^^^^^^^^^^^^^^^^^^^^^^^^^^^^^^^^^^^^^^^^^^^^^^^^^^^^^^^^^^
  File "D:\桌面文件\新建文件夹\慧分账下载\utils\safe.py", line 72, in find_first_visible
    raise TimeoutException(f"所有定位策略均失败: {list(locators)}, last: {last_exc}")
selenium.common.exceptions.TimeoutException: Message: 所有定位策略均失败: [('xpath', "//button[.//span[normalize-space(text())='登录']]"), ('xpath', "//button[normalize-space(text())='登录']"), ('xpath', "//button[contains(normalize-space(text()),'登 录')]"), ('css selector', 'button.el-button--primary'), ('css selector', "button[type='submit']")], last: Message: 
Stacktrace:
	chromedriver!GetHandleVerifier [0x99b373+10553]
	chromedriver!GetHandleVerifier [0x99b4a4+10684]
	chromedriver!(No symbol) [0x7a1e10]
	chromedriver!(No symbol) [0x7ea9da]
	chromedriver!(No symbol) [0x7eac7b]
	chromedriver!(No symbol) [0x82d162]
	chromedriver!(No symbol) [0x80d8b4]
	chromedriver!(No symbol) [0x82aa36]
	chromedriver!(No symbol) [0x80d606]
	chromedriver!(No symbol) [0x7e0039]
	chromedriver!(No symbol) [0x7e0df4]
	chromedriver!GetHandleVerifier [0xc1ddb4+292f94]
	chromedriver!GetHandleVerifier [0xc1937d+28e55d]
	chromedriver!GetHandleVerifier [0xc38215+2ad3f5]
	chromedriver!GetHandleVerifier [0x9b4c18+29df8]
	chromedriver!GetHandleVerifier [0x9bc6fd+318dd]
	chromedriver!GetHandleVerifier [0x9a3c78+18e58]
	chromedriver!GetHandleVerifier [0x9a3e42+19022]
	chromedriver!GetHandleVerifier [0x98d45f+263f]
	KERNEL32!BaseThreadInitThunk [0x75ce5d49+19]
	ntdll!RtlInitializeExceptionChain [0x7770d83b+6b]
	ntdll!RtlGetAppContainerNamedObjectPath [0x7770d7c1+231]



[2026-05-07 15:42:24] [ERROR] 已保存错误截图：D:\桌面文件\新建文件夹\慧分账下载\logs\error_20260507_154224.png
[2026-05-07 15:42:27] [INFO] 浏览器已关闭
[2026-05-07 15:53:35] [INFO] ============================================================
[2026-05-07 15:53:35] [INFO] 启动慧分账自动下载脚本
[2026-05-07 15:53:35] [INFO] 账号: fahuojishu   日期范围: 2026-05-06 ~ 2026-05-07
[2026-05-07 15:53:35] [INFO] 下载目录: D:\桌面文件\新建文件夹\慧分账下载\downloads
[2026-05-07 15:53:35] [INFO] Chrome Profile: D:\桌面文件\新建文件夹\慧分账下载\chrome_profile
[2026-05-07 15:53:35] [INFO] ============================================================
[2026-05-07 15:54:09] [INFO] 未登录，执行自动账号密码登录
[2026-05-07 15:54:09] [INFO] 开始自动登录: fahuojishu
[2026-05-07 16:10:15] [ERROR] 流程失败：Message: 所有定位策略均失败: [('xpath', "//button[.//span[normalize-space(text())='登录']]"), ('xpath', "//button[normalize-space(text())='登录']"), ('xpath', "//button[contains(normalize-space(text()),'登 录')]"), ('css selector', 'button.el-button--primary'), ('css selector', "button[type='submit']")], last: Message: 
Stacktrace:
	chromedriver!GetHandleVerifier [0x99b373+10553]
	chromedriver!GetHandleVerifier [0x99b4a4+10684]
	chromedriver!(No symbol) [0x7a1e10]
	chromedriver!(No symbol) [0x7ea9da]
	chromedriver!(No symbol) [0x7eac7b]
	chromedriver!(No symbol) [0x82d162]
	chromedriver!(No symbol) [0x80d8b4]
	chromedriver!(No symbol) [0x82aa36]
	chromedriver!(No symbol) [0x80d606]
	chromedriver!(No symbol) [0x7e0039]
	chromedriver!(No symbol) [0x7e0df4]
	chromedriver!GetHandleVerifier [0xc1ddb4+292f94]
	chromedriver!GetHandleVerifier [0xc1937d+28e55d]
	chromedriver!GetHandleVerifier [0xc38215+2ad3f5]
	chromedriver!GetHandleVerifier [0x9b4c18+29df8]
	chromedriver!GetHandleVerifier [0x9bc6fd+318dd]
	chromedriver!GetHandleVerifier [0x9a3c78+18e58]
	chromedriver!GetHandleVerifier [0x9a3e42+19022]
	chromedriver!GetHandleVerifier [0x98d45f+263f]
	KERNEL32!BaseThreadInitThunk [0x75ce5d49+19]
	ntdll!RtlInitializeExceptionChain [0x7770d83b+6b]
	ntdll!RtlGetAppContainerNamedObjectPath [0x7770d7c1+231]


[2026-05-07 16:10:15] [ERROR] Traceback (most recent call last):
  File "D:\桌面文件\新建文件夹\慧分账下载\main.py", line 111, in main
    ensure_logged_in(driver)
    ~~~~~~~~~~~~~~~~^^^^^^^^
  File "D:\桌面文件\新建文件夹\慧分账下载\main.py", line 81, in ensure_logged_in
    auto_login(driver, USERNAME, PASSWORD, timeout=LOGIN_TIMEOUT)
    ~~~~~~~~~~^^^^^^^^^^^^^^^^^^^^^^^^^^^^^^^^^^^^^^^^^^^^^^^^^^^
  File "D:\桌面文件\新建文件夹\慧分账下载\utils\page_actions.py", line 148, in auto_login
    safe_click(driver, LOGIN_BUTTON_LOCATORS, timeout=timeout)
    ~~~~~~~~~~^^^^^^^^^^^^^^^^^^^^^^^^^^^^^^^^^^^^^^^^^^^^^^^^
  File "D:\桌面文件\新建文件夹\慧分账下载\utils\safe.py", line 140, in safe_click
    else find_first_visible(driver, locators, timeout=timeout, require_clickable=True)
         ~~~~~~~~~~~~~~~~~~^^^^^^^^^^^^^^^^^^^^^^^^^^^^^^^^^^^^^^^^^^^^^^^^^^^^^^^^^^^
  File "D:\桌面文件\新建文件夹\慧分账下载\utils\safe.py", line 72, in find_first_visible
    raise TimeoutException(f"所有定位策略均失败: {list(locators)}, last: {last_exc}")
selenium.common.exceptions.TimeoutException: Message: 所有定位策略均失败: [('xpath', "//button[.//span[normalize-space(text())='登录']]"), ('xpath', "//button[normalize-space(text())='登录']"), ('xpath', "//button[contains(normalize-space(text()),'登 录')]"), ('css selector', 'button.el-button--primary'), ('css selector', "button[type='submit']")], last: Message: 
Stacktrace:
	chromedriver!GetHandleVerifier [0x99b373+10553]
	chromedriver!GetHandleVerifier [0x99b4a4+10684]
	chromedriver!(No symbol) [0x7a1e10]
	chromedriver!(No symbol) [0x7ea9da]
	chromedriver!(No symbol) [0x7eac7b]
	chromedriver!(No symbol) [0x82d162]
	chromedriver!(No symbol) [0x80d8b4]
	chromedriver!(No symbol) [0x82aa36]
	chromedriver!(No symbol) [0x80d606]
	chromedriver!(No symbol) [0x7e0039]
	chromedriver!(No symbol) [0x7e0df4]
	chromedriver!GetHandleVerifier [0xc1ddb4+292f94]
	chromedriver!GetHandleVerifier [0xc1937d+28e55d]
	chromedriver!GetHandleVerifier [0xc38215+2ad3f5]
	chromedriver!GetHandleVerifier [0x9b4c18+29df8]
	chromedriver!GetHandleVerifier [0x9bc6fd+318dd]
	chromedriver!GetHandleVerifier [0x9a3c78+18e58]
	chromedriver!GetHandleVerifier [0x9a3e42+19022]
	chromedriver!GetHandleVerifier [0x98d45f+263f]
	KERNEL32!BaseThreadInitThunk [0x75ce5d49+19]
	ntdll!RtlInitializeExceptionChain [0x7770d83b+6b]
	ntdll!RtlGetAppContainerNamedObjectPath [0x7770d7c1+231]



[2026-05-07 16:10:15] [ERROR] 已保存错误截图：D:\桌面文件\新建文件夹\慧分账下载\logs\error_20260507_161015.png
[2026-05-07 16:10:18] [INFO] 浏览器已关闭
[2026-05-07 16:50:03] [INFO] ============================================================
[2026-05-07 16:50:03] [INFO] 启动慧分账自动下载脚本
[2026-05-07 16:50:03] [INFO] 账号: fahuojishu   日期范围: 2026-05-06 ~ 2026-05-07
[2026-05-07 16:50:03] [INFO] 下载目录: D:\桌面文件\新建文件夹\慧分账下载\downloads
[2026-05-07 16:50:03] [INFO] Chrome Profile: D:\桌面文件\新建文件夹\慧分账下载\chrome_profile
[2026-05-07 16:50:03] [INFO] ============================================================
[2026-05-07 16:50:35] [INFO] 未登录，执行自动账号密码登录
[2026-05-07 16:50:35] [INFO] 开始自动登录: fahuojishu
[2026-05-07 16:59:48] [ERROR] 流程失败：'NoneType' object has no attribute 'is_displayed'
[2026-05-07 16:59:48] [ERROR] Traceback (most recent call last):
  File "D:\桌面文件\新建文件夹\慧分账下载\main.py", line 111, in main
    ensure_logged_in(driver)
    ~~~~~~~~~~~~~~~~^^^^^^^^
  File "D:\桌面文件\新建文件夹\慧分账下载\main.py", line 81, in ensure_logged_in
    auto_login(driver, USERNAME, PASSWORD, timeout=LOGIN_TIMEOUT)
    ~~~~~~~~~~^^^^^^^^^^^^^^^^^^^^^^^^^^^^^^^^^^^^^^^^^^^^^^^^^^^
  File "D:\桌面文件\新建文件夹\慧分账下载\utils\page_actions.py", line 148, in auto_login
    """
  File "D:\桌面文件\新建文件夹\慧分账下载\utils\safe.py", line 140, in safe_click
    else find_first_visible(driver, locators, timeout=timeout, require_clickable=True)
         ~~~~~~~~~~~~~~~~~~^^^^^^^^^^^^^^^^^^^^^^^^^^^^^^^^^^^^^^^^^^^^^^^^^^^^^^^^^^^
  File "D:\桌面文件\新建文件夹\慧分账下载\utils\safe.py", line 68, in find_first_visible
    return WebDriverWait(driver, timeout).until(cond)
           ~~~~~~~~~~~~~~~~~~~~~~~~~~~~~~~~~~~~^^^^^^
  File "D:\桌面文件\新建文件夹\慧分账下载\.venv\Lib\site-packages\selenium\webdriver\support\wait.py", line 112, in until
    value = method(self._driver)
  File "D:\桌面文件\新建文件夹\慧分账下载\.venv\Lib\site-packages\selenium\webdriver\support\expected_conditions.py", line 515, in _predicate
    element = visibility_of(target)(driver)
  File "D:\桌面文件\新建文件夹\慧分账下载\.venv\Lib\site-packages\selenium\webdriver\support\expected_conditions.py", line 208, in _predicate
    return _element_if_visible(element)
  File "D:\桌面文件\新建文件夹\慧分账下载\.venv\Lib\site-packages\selenium\webdriver\support\expected_conditions.py", line 223, in _element_if_visible
    return element if element.is_displayed() == visibility else False
                      ^^^^^^^^^^^^^^^^^^^^
AttributeError: 'NoneType' object has no attribute 'is_displayed'

[2026-05-07 16:59:48] [ERROR] 已保存错误截图：D:\桌面文件\新建文件夹\慧分账下载\logs\error_20260507_165948.png
[2026-05-07 16:59:50] [INFO] 浏览器已关闭
[2026-05-07 17:00:06] [INFO] ============================================================
[2026-05-07 17:00:06] [INFO] 启动慧分账自动下载脚本
[2026-05-07 17:00:06] [INFO] 账号: fahuojishu   日期范围: 2026-05-06 ~ 2026-05-07
[2026-05-07 17:00:06] [INFO] 下载目录: D:\桌面文件\新建文件夹\慧分账下载\downloads
[2026-05-07 17:00:06] [INFO] Chrome Profile: D:\桌面文件\新建文件夹\慧分账下载\chrome_profile
[2026-05-07 17:00:06] [INFO] ============================================================
[2026-05-07 17:00:37] [INFO] 未登录，执行自动账号密码登录
[2026-05-07 17:00:37] [INFO] 开始自动登录: fahuojishu
[2026-05-07 17:00:37] [INFO] 登录尝试 1 / 3
[2026-05-07 17:00:38] [INFO] 已勾选用户协议
[2026-05-07 17:00:38] [INFO] 滑块拖动第 1 / 3 次
[2026-05-07 17:00:38] [WARNING] 未能从轨道父元素获取宽度，使用兜底距离 260px
[2026-05-07 17:00:39] [DEBUG] 生成轨迹步数=78，目标距离=260px
[2026-05-07 17:00:40] [DEBUG] 已松开滑块，实际移动 260px (含末端微调)
[2026-05-07 17:00:41] [WARNING] 滑块验证未通过，准备重试
[2026-05-07 17:00:42] [INFO] 滑块拖动第 2 / 3 次
[2026-05-07 17:00:42] [WARNING] 未能从轨道父元素获取宽度，使用兜底距离 260px
[2026-05-07 17:00:42] [DEBUG] 生成轨迹步数=74，目标距离=260px
[2026-05-07 17:00:43] [DEBUG] 已松开滑块，实际移动 260px (含末端微调)
[2026-05-07 17:00:44] [WARNING] 滑块验证未通过，准备重试
[2026-05-07 17:00:45] [INFO] 滑块拖动第 3 / 3 次
[2026-05-07 17:00:46] [WARNING] 未能从轨道父元素获取宽度，使用兜底距离 260px
[2026-05-07 17:00:46] [DEBUG] 生成轨迹步数=76，目标距离=260px
[2026-05-07 17:00:47] [DEBUG] 已松开滑块，实际移动 260px (含末端微调)
[2026-05-07 17:00:48] [WARNING] 滑块验证未通过，准备重试
[2026-05-07 17:00:49] [ERROR] 滑块验证 3 次后仍失败
[2026-05-07 17:00:49] [WARNING] 滑块验证失败，刷新页面后重试整体登录
[2026-05-07 17:00:51] [INFO] 登录尝试 2 / 3
[2026-05-07 17:00:53] [INFO] 已勾选用户协议
[2026-05-07 17:00:53] [INFO] 滑块拖动第 1 / 3 次
[2026-05-07 17:00:53] [WARNING] 未能从轨道父元素获取宽度，使用兜底距离 260px
[2026-05-07 17:00:53] [DEBUG] 生成轨迹步数=78，目标距离=260px
[2026-05-07 17:00:54] [DEBUG] 已松开滑块，实际移动 260px (含末端微调)
[2026-05-07 17:00:55] [WARNING] 滑块验证未通过，准备重试
[2026-05-07 17:00:57] [INFO] 滑块拖动第 2 / 3 次
[2026-05-07 17:00:57] [WARNING] 未能从轨道父元素获取宽度，使用兜底距离 260px
[2026-05-07 17:00:57] [DEBUG] 生成轨迹步数=73，目标距离=260px
[2026-05-07 17:00:59] [DEBUG] 已松开滑块，实际移动 260px (含末端微调)
[2026-05-07 17:01:00] [WARNING] 滑块验证未通过，准备重试
[2026-05-07 17:01:01] [INFO] 滑块拖动第 3 / 3 次
[2026-05-07 17:01:02] [WARNING] 未能从轨道父元素获取宽度，使用兜底距离 260px
[2026-05-07 17:01:02] [DEBUG] 生成轨迹步数=76，目标距离=260px
[2026-05-07 17:01:03] [DEBUG] 已松开滑块，实际移动 260px (含末端微调)
[2026-05-07 17:01:04] [WARNING] 滑块验证未通过，准备重试
[2026-05-07 17:01:05] [ERROR] 滑块验证 3 次后仍失败
[2026-05-07 17:01:05] [WARNING] 滑块验证失败，刷新页面后重试整体登录
[2026-05-07 17:01:05] [INFO] 登录尝试 3 / 3
[2026-05-07 17:01:07] [INFO] 已勾选用户协议
[2026-05-07 17:01:07] [INFO] 滑块拖动第 1 / 3 次
[2026-05-07 17:01:07] [WARNING] 未能从轨道父元素获取宽度，使用兜底距离 260px
[2026-05-07 17:01:07] [DEBUG] 生成轨迹步数=72，目标距离=260px
[2026-05-07 17:01:08] [DEBUG] 已松开滑块，实际移动 260px (含末端微调)
[2026-05-07 17:01:09] [WARNING] 滑块验证未通过，准备重试
[2026-05-07 17:01:11] [INFO] 滑块拖动第 2 / 3 次
[2026-05-07 17:01:11] [WARNING] 未能从轨道父元素获取宽度，使用兜底距离 260px
[2026-05-07 17:01:12] [DEBUG] 生成轨迹步数=74，目标距离=260px
[2026-05-07 17:01:12] [WARNING] 拖动过程异常: Message: no such window: target window already closed
from unknown error: web view not found
  (Session info: chrome=147.0.7727.117)
Stacktrace:
	chromedriver!GetHandleVerifier [0x99b373+10553]
	chromedriver!GetHandleVerifier [0x99b4a4+10684]
	chromedriver!(No symbol) [0x7a1e10]
	chromedriver!(No symbol) [0x780923]
	chromedriver!(No symbol) [0x813bcb]
	chromedriver!(No symbol) [0x82a3a9]
	chromedriver!(No symbol) [0x80d606]
	chromedriver!(No symbol) [0x7e0039]
	chromedriver!(No symbol) [0x7e0df4]
	chromedriver!GetHandleVerifier [0xc1ddb4+292f94]
	chromedriver!GetHandleVerifier [0xc1937d+28e55d]
	chromedriver!GetHandleVerifier [0xc38215+2ad3f5]
	chromedriver!GetHandleVerifier [0x9b4c18+29df8]
	chromedriver!GetHandleVerifier [0x9bc6fd+318dd]
	chromedriver!GetHandleVerifier [0x9a3c78+18e58]
	chromedriver!GetHandleVerifier [0x9a3e42+19022]
	chromedriver!GetHandleVerifier [0x98d45f+263f]
	KERNEL32!BaseThreadInitThunk [0x75ce5d49+19]
	ntdll!RtlInitializeExceptionChain [0x7770d83b+6b]
	ntdll!RtlGetAppContainerNamedObjectPath [0x7770d7c1+231]

[2026-05-07 17:01:13] [INFO] 滑块拖动第 3 / 3 次
[2026-05-07 17:01:13] [WARNING] 登录流程异常: Message: no such window: target window already closed
from unknown error: web view not found
  (Session info: chrome=147.0.7727.117)
Stacktrace:
	chromedriver!GetHandleVerifier [0x99b373+10553]
	chromedriver!GetHandleVerifier [0x99b4a4+10684]
	chromedriver!(No symbol) [0x7a1e10]
	chromedriver!(No symbol) [0x780923]
	chromedriver!(No symbol) [0x813bcb]
	chromedriver!(No symbol) [0x82a3a9]
	chromedriver!(No symbol) [0x80d606]
	chromedriver!(No symbol) [0x7e0039]
	chromedriver!(No symbol) [0x7e0df4]
	chromedriver!GetHandleVerifier [0xc1ddb4+292f94]
	chromedriver!GetHandleVerifier [0xc1937d+28e55d]
	chromedriver!GetHandleVerifier [0xc38215+2ad3f5]
	chromedriver!GetHandleVerifier [0x9b4c18+29df8]
	chromedriver!GetHandleVerifier [0x9bc6fd+318dd]
	chromedriver!GetHandleVerifier [0x9a3c78+18e58]
	chromedriver!GetHandleVerifier [0x9a3e42+19022]
	chromedriver!GetHandleVerifier [0x98d45f+263f]
	KERNEL32!BaseThreadInitThunk [0x75ce5d49+19]
	ntdll!RtlInitializeExceptionChain [0x7770d83b+6b]
	ntdll!RtlGetAppContainerNamedObjectPath [0x7770d7c1+231]
，刷新页面重试
[2026-05-07 17:01:13] [ERROR] 流程失败：Message: 登录失败（已重试 3 次），最后错误: Message: no such window: target window already closed
from unknown error: web view not found
  (Session info: chrome=147.0.7727.117)
Stacktrace:
	chromedriver!GetHandleVerifier [0x99b373+10553]
	chromedriver!GetHandleVerifier [0x99b4a4+10684]
	chromedriver!(No symbol) [0x7a1e10]
	chromedriver!(No symbol) [0x780923]
	chromedriver!(No symbol) [0x813bcb]
	chromedriver!(No symbol) [0x82a3a9]
	chromedriver!(No symbol) [0x80d606]
	chromedriver!(No symbol) [0x7e0039]
	chromedriver!(No symbol) [0x7e0df4]
	chromedriver!GetHandleVerifier [0xc1ddb4+292f94]
	chromedriver!GetHandleVerifier [0xc1937d+28e55d]
	chromedriver!GetHandleVerifier [0xc38215+2ad3f5]
	chromedriver!GetHandleVerifier [0x9b4c18+29df8]
	chromedriver!GetHandleVerifier [0x9bc6fd+318dd]
	chromedriver!GetHandleVerifier [0x9a3c78+18e58]
	chromedriver!GetHandleVerifier [0x9a3e42+19022]
	chromedriver!GetHandleVerifier [0x98d45f+263f]
	KERNEL32!BaseThreadInitThunk [0x75ce5d49+19]
	ntdll!RtlInitializeExceptionChain [0x7770d83b+6b]
	ntdll!RtlGetAppContainerNamedObjectPath [0x7770d7c1+231]


[2026-05-07 17:01:13] [ERROR] Traceback (most recent call last):
  File "D:\桌面文件\新建文件夹\慧分账下载\main.py", line 111, in main
    ensure_logged_in(driver)
    ~~~~~~~~~~~~~~~~^^^^^^^^
  File "D:\桌面文件\新建文件夹\慧分账下载\main.py", line 81, in ensure_logged_in
    auto_login(driver, USERNAME, PASSWORD, timeout=LOGIN_TIMEOUT)
    ~~~~~~~~~~^^^^^^^^^^^^^^^^^^^^^^^^^^^^^^^^^^^^^^^^^^^^^^^^^^^
  File "D:\桌面文件\新建文件夹\慧分账下载\utils\page_actions.py", line 232, in auto_login
    raise TimeoutException(f"登录失败（已重试 {max_retries} 次），最后错误: {last_err}")
selenium.common.exceptions.TimeoutException: Message: 登录失败（已重试 3 次），最后错误: Message: no such window: target window already closed
from unknown error: web view not found
  (Session info: chrome=147.0.7727.117)
Stacktrace:
	chromedriver!GetHandleVerifier [0x99b373+10553]
	chromedriver!GetHandleVerifier [0x99b4a4+10684]
	chromedriver!(No symbol) [0x7a1e10]
	chromedriver!(No symbol) [0x780923]
	chromedriver!(No symbol) [0x813bcb]
	chromedriver!(No symbol) [0x82a3a9]
	chromedriver!(No symbol) [0x80d606]
	chromedriver!(No symbol) [0x7e0039]
	chromedriver!(No symbol) [0x7e0df4]
	chromedriver!GetHandleVerifier [0xc1ddb4+292f94]
	chromedriver!GetHandleVerifier [0xc1937d+28e55d]
	chromedriver!GetHandleVerifier [0xc38215+2ad3f5]
	chromedriver!GetHandleVerifier [0x9b4c18+29df8]
	chromedriver!GetHandleVerifier [0x9bc6fd+318dd]
	chromedriver!GetHandleVerifier [0x9a3c78+18e58]
	chromedriver!GetHandleVerifier [0x9a3e42+19022]
	chromedriver!GetHandleVerifier [0x98d45f+263f]
	KERNEL32!BaseThreadInitThunk [0x75ce5d49+19]
	ntdll!RtlInitializeExceptionChain [0x7770d83b+6b]
	ntdll!RtlGetAppContainerNamedObjectPath [0x7770d7c1+231]



[2026-05-07 17:01:13] [ERROR] 已保存错误截图：D:\桌面文件\新建文件夹\慧分账下载\logs\error_20260507_170113.png
[2026-05-07 17:01:15] [INFO] 浏览器已关闭
[2026-05-07 17:01:26] [INFO] ============================================================
[2026-05-07 17:01:26] [INFO] 启动慧分账自动下载脚本
[2026-05-07 17:01:26] [INFO] 账号: fahuojishu   日期范围: 2026-05-06 ~ 2026-05-07
[2026-05-07 17:01:26] [INFO] 下载目录: D:\桌面文件\新建文件夹\慧分账下载\downloads
[2026-05-07 17:01:26] [INFO] Chrome Profile: D:\桌面文件\新建文件夹\慧分账下载\chrome_profile
[2026-05-07 17:01:26] [INFO] ============================================================
[2026-05-07 17:01:57] [INFO] 未登录，执行自动账号密码登录
[2026-05-07 17:01:57] [INFO] 开始自动登录: fahuojishu
[2026-05-07 17:01:57] [INFO] 登录尝试 1 / 3
[2026-05-07 17:01:58] [INFO] 已勾选用户协议
[2026-05-07 17:01:58] [INFO] 滑块拖动第 1 / 3 次
[2026-05-07 17:01:58] [WARNING] 未能从轨道父元素获取宽度，使用兜底距离 260px
[2026-05-07 17:01:58] [DEBUG] 生成轨迹步数=76，目标距离=260px
[2026-05-07 17:02:00] [DEBUG] 已松开滑块，实际移动 260px (含末端微调)
[2026-05-07 17:02:01] [WARNING] 滑块验证未通过，准备重试
[2026-05-07 17:02:02] [INFO] 滑块拖动第 2 / 3 次
[2026-05-07 17:02:02] [WARNING] 未能从轨道父元素获取宽度，使用兜底距离 260px
[2026-05-07 17:02:03] [DEBUG] 生成轨迹步数=79，目标距离=260px
[2026-05-07 17:02:03] [DEBUG] 已松开滑块，实际移动 260px (含末端微调)
[2026-05-07 17:02:04] [WARNING] 滑块验证未通过，准备重试
[2026-05-07 17:02:05] [INFO] 滑块拖动第 3 / 3 次
[2026-05-07 17:02:06] [WARNING] 未能从轨道父元素获取宽度，使用兜底距离 260px
[2026-05-07 17:02:06] [DEBUG] 生成轨迹步数=79，目标距离=260px
[2026-05-07 17:02:07] [DEBUG] 已松开滑块，实际移动 260px (含末端微调)
[2026-05-07 17:02:08] [WARNING] 滑块验证未通过，准备重试
[2026-05-07 17:02:09] [ERROR] 滑块验证 3 次后仍失败
[2026-05-07 17:02:09] [WARNING] 滑块验证失败，刷新页面后重试整体登录
[2026-05-07 17:02:10] [INFO] 登录尝试 2 / 3
[2026-05-07 17:02:12] [INFO] 已勾选用户协议
[2026-05-07 17:02:12] [INFO] 滑块拖动第 1 / 3 次
[2026-05-07 17:02:13] [WARNING] 未能从轨道父元素获取宽度，使用兜底距离 260px
[2026-05-07 17:02:13] [DEBUG] 生成轨迹步数=74，目标距离=260px
[2026-05-07 17:02:14] [DEBUG] 已松开滑块，实际移动 260px (含末端微调)
[2026-05-07 17:02:15] [WARNING] 滑块验证未通过，准备重试
[2026-05-07 17:02:16] [INFO] 滑块拖动第 2 / 3 次
[2026-05-07 17:02:17] [WARNING] 未能从轨道父元素获取宽度，使用兜底距离 260px
[2026-05-07 17:02:17] [WARNING] 拖动过程异常: Message: no such window: target window already closed
from unknown error: web view not found
  (Session info: chrome=147.0.7727.117)
Stacktrace:
	chromedriver!GetHandleVerifier [0x99b373+10553]
	chromedriver!GetHandleVerifier [0x99b4a4+10684]
	chromedriver!(No symbol) [0x7a1e10]
	chromedriver!(No symbol) [0x780923]
	chromedriver!(No symbol) [0x813bcb]
	chromedriver!(No symbol) [0x82a3a9]
	chromedriver!(No symbol) [0x80d606]
	chromedriver!(No symbol) [0x7e0039]
	chromedriver!(No symbol) [0x7e0df4]
	chromedriver!GetHandleVerifier [0xc1ddb4+292f94]
	chromedriver!GetHandleVerifier [0xc1937d+28e55d]
	chromedriver!GetHandleVerifier [0xc38215+2ad3f5]
	chromedriver!GetHandleVerifier [0x9b4c18+29df8]
	chromedriver!GetHandleVerifier [0x9bc6fd+318dd]
	chromedriver!GetHandleVerifier [0x9a3c78+18e58]
	chromedriver!GetHandleVerifier [0x9a3e42+19022]
	chromedriver!GetHandleVerifier [0x98d45f+263f]
	KERNEL32!BaseThreadInitThunk [0x75ce5d49+19]
	ntdll!RtlInitializeExceptionChain [0x7770d83b+6b]
	ntdll!RtlGetAppContainerNamedObjectPath [0x7770d7c1+231]

[2026-05-07 17:02:18] [INFO] 滑块拖动第 3 / 3 次
[2026-05-07 17:02:18] [WARNING] 登录流程异常: Message: no such window: target window already closed
from unknown error: web view not found
  (Session info: chrome=147.0.7727.117)
Stacktrace:
	chromedriver!GetHandleVerifier [0x99b373+10553]
	chromedriver!GetHandleVerifier [0x99b4a4+10684]
	chromedriver!(No symbol) [0x7a1e10]
	chromedriver!(No symbol) [0x780923]
	chromedriver!(No symbol) [0x813bcb]
	chromedriver!(No symbol) [0x82a3a9]
	chromedriver!(No symbol) [0x80d606]
	chromedriver!(No symbol) [0x7e0039]
	chromedriver!(No symbol) [0x7e0df4]
	chromedriver!GetHandleVerifier [0xc1ddb4+292f94]
	chromedriver!GetHandleVerifier [0xc1937d+28e55d]
	chromedriver!GetHandleVerifier [0xc38215+2ad3f5]
	chromedriver!GetHandleVerifier [0x9b4c18+29df8]
	chromedriver!GetHandleVerifier [0x9bc6fd+318dd]
	chromedriver!GetHandleVerifier [0x9a3c78+18e58]
	chromedriver!GetHandleVerifier [0x9a3e42+19022]
	chromedriver!GetHandleVerifier [0x98d45f+263f]
	KERNEL32!BaseThreadInitThunk [0x75ce5d49+19]
	ntdll!RtlInitializeExceptionChain [0x7770d83b+6b]
	ntdll!RtlGetAppContainerNamedObjectPath [0x7770d7c1+231]
，刷新页面重试
[2026-05-07 17:02:18] [INFO] 登录尝试 3 / 3
[2026-05-07 17:02:18] [WARNING] 登录流程异常: Message: no such window: target window already closed
from unknown error: web view not found
  (Session info: chrome=147.0.7727.117)
Stacktrace:
	chromedriver!GetHandleVerifier [0x99b373+10553]
	chromedriver!GetHandleVerifier [0x99b4a4+10684]
	chromedriver!(No symbol) [0x7a1e10]
	chromedriver!(No symbol) [0x780923]
	chromedriver!(No symbol) [0x813bcb]
	chromedriver!(No symbol) [0x82a3a9]
	chromedriver!(No symbol) [0x80d606]
	chromedriver!(No symbol) [0x7e0039]
	chromedriver!(No symbol) [0x7e0df4]
	chromedriver!GetHandleVerifier [0xc1ddb4+292f94]
	chromedriver!GetHandleVerifier [0xc1937d+28e55d]
	chromedriver!GetHandleVerifier [0xc38215+2ad3f5]
	chromedriver!GetHandleVerifier [0x9b4c18+29df8]
	chromedriver!GetHandleVerifier [0x9bc6fd+318dd]
	chromedriver!GetHandleVerifier [0x9a3c78+18e58]
	chromedriver!GetHandleVerifier [0x9a3e42+19022]
	chromedriver!GetHandleVerifier [0x98d45f+263f]
	KERNEL32!BaseThreadInitThunk [0x75ce5d49+19]
	ntdll!RtlInitializeExceptionChain [0x7770d83b+6b]
	ntdll!RtlGetAppContainerNamedObjectPath [0x7770d7c1+231]
，刷新页面重试
[2026-05-07 17:02:18] [ERROR] 流程失败：Message: 登录失败（已重试 3 次），最后错误: Message: no such window: target window already closed
from unknown error: web view not found
  (Session info: chrome=147.0.7727.117)
Stacktrace:
	chromedriver!GetHandleVerifier [0x99b373+10553]
	chromedriver!GetHandleVerifier [0x99b4a4+10684]
	chromedriver!(No symbol) [0x7a1e10]
	chromedriver!(No symbol) [0x780923]
	chromedriver!(No symbol) [0x813bcb]
	chromedriver!(No symbol) [0x82a3a9]
	chromedriver!(No symbol) [0x80d606]
	chromedriver!(No symbol) [0x7e0039]
	chromedriver!(No symbol) [0x7e0df4]
	chromedriver!GetHandleVerifier [0xc1ddb4+292f94]
	chromedriver!GetHandleVerifier [0xc1937d+28e55d]
	chromedriver!GetHandleVerifier [0xc38215+2ad3f5]
	chromedriver!GetHandleVerifier [0x9b4c18+29df8]
	chromedriver!GetHandleVerifier [0x9bc6fd+318dd]
	chromedriver!GetHandleVerifier [0x9a3c78+18e58]
	chromedriver!GetHandleVerifier [0x9a3e42+19022]
	chromedriver!GetHandleVerifier [0x98d45f+263f]
	KERNEL32!BaseThreadInitThunk [0x75ce5d49+19]
	ntdll!RtlInitializeExceptionChain [0x7770d83b+6b]
	ntdll!RtlGetAppContainerNamedObjectPath [0x7770d7c1+231]


[2026-05-07 17:02:18] [ERROR] Traceback (most recent call last):
  File "D:\桌面文件\新建文件夹\慧分账下载\main.py", line 111, in main
    ensure_logged_in(driver)
    ~~~~~~~~~~~~~~~~^^^^^^^^
  File "D:\桌面文件\新建文件夹\慧分账下载\main.py", line 81, in ensure_logged_in
    auto_login(driver, USERNAME, PASSWORD, timeout=LOGIN_TIMEOUT)
    ~~~~~~~~~~^^^^^^^^^^^^^^^^^^^^^^^^^^^^^^^^^^^^^^^^^^^^^^^^^^^
  File "D:\桌面文件\新建文件夹\慧分账下载\utils\page_actions.py", line 232, in auto_login
    raise TimeoutException(f"登录失败（已重试 {max_retries} 次），最后错误: {last_err}")
selenium.common.exceptions.TimeoutException: Message: 登录失败（已重试 3 次），最后错误: Message: no such window: target window already closed
from unknown error: web view not found
  (Session info: chrome=147.0.7727.117)
Stacktrace:
	chromedriver!GetHandleVerifier [0x99b373+10553]
	chromedriver!GetHandleVerifier [0x99b4a4+10684]
	chromedriver!(No symbol) [0x7a1e10]
	chromedriver!(No symbol) [0x780923]
	chromedriver!(No symbol) [0x813bcb]
	chromedriver!(No symbol) [0x82a3a9]
	chromedriver!(No symbol) [0x80d606]
	chromedriver!(No symbol) [0x7e0039]
	chromedriver!(No symbol) [0x7e0df4]
	chromedriver!GetHandleVerifier [0xc1ddb4+292f94]
	chromedriver!GetHandleVerifier [0xc1937d+28e55d]
	chromedriver!GetHandleVerifier [0xc38215+2ad3f5]
	chromedriver!GetHandleVerifier [0x9b4c18+29df8]
	chromedriver!GetHandleVerifier [0x9bc6fd+318dd]
	chromedriver!GetHandleVerifier [0x9a3c78+18e58]
	chromedriver!GetHandleVerifier [0x9a3e42+19022]
	chromedriver!GetHandleVerifier [0x98d45f+263f]
	KERNEL32!BaseThreadInitThunk [0x75ce5d49+19]
	ntdll!RtlInitializeExceptionChain [0x7770d83b+6b]
	ntdll!RtlGetAppContainerNamedObjectPath [0x7770d7c1+231]



[2026-05-07 17:02:18] [ERROR] 已保存错误截图：D:\桌面文件\新建文件夹\慧分账下载\logs\error_20260507_170218.png
[2026-05-07 17:02:20] [INFO] 浏览器已关闭
[2026-05-07 17:18:35] [INFO] ============================================================
[2026-05-07 17:18:35] [INFO] 启动慧分账自动下载脚本
[2026-05-07 17:18:35] [INFO] 账号: fahuojishu   日期范围: 2026-05-06 ~ 2026-05-07
[2026-05-07 17:18:35] [INFO] 下载目录: D:\桌面文件\新建文件夹\慧分账下载\downloads
[2026-05-07 17:18:35] [INFO] Chrome Profile: D:\桌面文件\新建文件夹\慧分账下载\chrome_profile
[2026-05-07 17:18:35] [INFO] ============================================================
[2026-05-07 17:19:06] [INFO] 未登录，执行自动账号密码登录
[2026-05-07 17:19:06] [INFO] 开始自动登录: fahuojishu
[2026-05-07 17:19:06] [INFO] 登录尝试 1 / 3
[2026-05-07 17:19:08] [INFO] 已勾选用户协议（ant-checkbox-checked 已生效）
[2026-05-07 17:19:08] [INFO] 滑块拖动第 1 / 3 次
[2026-05-07 17:19:09] [WARNING] 未能从轨道父元素获取宽度，使用兜底距离 260px
[2026-05-07 17:19:09] [DEBUG] 生成轨迹步数=72，目标距离=260px
[2026-05-07 17:19:10] [DEBUG] 已松开滑块，实际移动 260px (含末端微调)
[2026-05-07 17:19:11] [WARNING] 滑块验证未通过，准备重试
[2026-05-07 17:19:12] [INFO] 滑块拖动第 2 / 3 次
[2026-05-07 17:19:13] [WARNING] 未能从轨道父元素获取宽度，使用兜底距离 260px
[2026-05-07 17:19:13] [DEBUG] 生成轨迹步数=73，目标距离=260px
[2026-05-07 17:19:14] [DEBUG] 已松开滑块，实际移动 260px (含末端微调)
[2026-05-07 17:19:15] [WARNING] 滑块验证未通过，准备重试
[2026-05-07 17:19:17] [INFO] 滑块拖动第 3 / 3 次
[2026-05-07 17:19:17] [WARNING] 未能从轨道父元素获取宽度，使用兜底距离 260px
[2026-05-07 17:19:17] [DEBUG] 生成轨迹步数=75，目标距离=260px
[2026-05-07 17:19:18] [DEBUG] 已松开滑块，实际移动 260px (含末端微调)
[2026-05-07 17:19:19] [WARNING] 滑块验证未通过，准备重试
[2026-05-07 17:19:20] [ERROR] 滑块验证 3 次后仍失败
[2026-05-07 17:19:20] [WARNING] 滑块验证失败，刷新页面后重试整体登录
[2026-05-07 17:19:21] [INFO] 登录尝试 2 / 3
[2026-05-07 17:19:24] [INFO] 已勾选用户协议（ant-checkbox-checked 已生效）
[2026-05-07 17:19:24] [INFO] 滑块拖动第 1 / 3 次
[2026-05-07 17:19:25] [WARNING] 未能从轨道父元素获取宽度，使用兜底距离 260px
[2026-05-07 17:19:25] [DEBUG] 生成轨迹步数=76，目标距离=260px
[2026-05-07 17:19:26] [DEBUG] 已松开滑块，实际移动 260px (含末端微调)
[2026-05-07 17:19:27] [WARNING] 滑块验证未通过，准备重试
[2026-05-07 17:19:28] [INFO] 滑块拖动第 2 / 3 次
[2026-05-07 17:19:28] [WARNING] 未能从轨道父元素获取宽度，使用兜底距离 260px
[2026-05-07 17:19:29] [DEBUG] 生成轨迹步数=79，目标距离=260px
[2026-05-07 17:19:30] [DEBUG] 已松开滑块，实际移动 260px (含末端微调)
[2026-05-07 17:19:31] [WARNING] 滑块验证未通过，准备重试
[2026-05-07 17:19:32] [INFO] 滑块拖动第 3 / 3 次
[2026-05-07 17:19:32] [WARNING] 未能从轨道父元素获取宽度，使用兜底距离 260px
[2026-05-07 17:19:33] [DEBUG] 生成轨迹步数=73，目标距离=260px
[2026-05-07 17:19:33] [DEBUG] 已松开滑块，实际移动 260px (含末端微调)
[2026-05-07 17:19:34] [WARNING] 滑块验证未通过，准备重试
[2026-05-07 17:19:36] [ERROR] 滑块验证 3 次后仍失败
[2026-05-07 17:19:36] [WARNING] 滑块验证失败，刷新页面后重试整体登录
[2026-05-07 17:19:37] [INFO] 登录尝试 3 / 3
[2026-05-07 17:19:40] [INFO] 已勾选用户协议（ant-checkbox-checked 已生效）
[2026-05-07 17:19:40] [INFO] 滑块拖动第 1 / 3 次
[2026-05-07 17:19:40] [WARNING] 未能从轨道父元素获取宽度，使用兜底距离 260px
[2026-05-07 17:19:40] [DEBUG] 生成轨迹步数=77，目标距离=260px
[2026-05-07 17:19:41] [DEBUG] 已松开滑块，实际移动 260px (含末端微调)
[2026-05-07 17:19:42] [WARNING] 滑块验证未通过，准备重试
[2026-05-07 17:19:43] [INFO] 滑块拖动第 2 / 3 次
[2026-05-07 17:19:43] [WARNING] 未能从轨道父元素获取宽度，使用兜底距离 260px
[2026-05-07 17:19:44] [DEBUG] 生成轨迹步数=74，目标距离=260px
[2026-05-07 17:19:44] [DEBUG] 已松开滑块，实际移动 260px (含末端微调)
[2026-05-07 17:19:46] [WARNING] 滑块验证未通过，准备重试
[2026-05-07 17:19:47] [INFO] 滑块拖动第 3 / 3 次
[2026-05-07 17:19:47] [WARNING] 未能从轨道父元素获取宽度，使用兜底距离 260px
[2026-05-07 17:19:48] [DEBUG] 生成轨迹步数=78，目标距离=260px
[2026-05-07 17:19:49] [DEBUG] 已松开滑块，实际移动 260px (含末端微调)
[2026-05-07 17:19:50] [WARNING] 滑块验证未通过，准备重试
[2026-05-07 17:19:51] [ERROR] 滑块验证 3 次后仍失败
[2026-05-07 17:19:51] [WARNING] 滑块验证失败，刷新页面后重试整体登录
[2026-05-07 17:19:52] [ERROR] 流程失败：Message: 登录失败（已重试 3 次），最后错误: None

[2026-05-07 17:19:52] [ERROR] Traceback (most recent call last):
  File "D:\桌面文件\新建文件夹\慧分账下载\main.py", line 111, in main
    ensure_logged_in(driver)
    ~~~~~~~~~~~~~~~~^^^^^^^^
  File "D:\桌面文件\新建文件夹\慧分账下载\main.py", line 81, in ensure_logged_in
    auto_login(driver, USERNAME, PASSWORD, timeout=LOGIN_TIMEOUT)
    ~~~~~~~~~~^^^^^^^^^^^^^^^^^^^^^^^^^^^^^^^^^^^^^^^^^^^^^^^^^^^
  File "D:\桌面文件\新建文件夹\慧分账下载\utils\page_actions.py", line 237, in auto_login
    raise TimeoutException(f"登录失败（已重试 {max_retries} 次），最后错误: {last_err}")
selenium.common.exceptions.TimeoutException: Message: 登录失败（已重试 3 次），最后错误: None


[2026-05-07 17:19:52] [ERROR] 已保存错误截图：D:\桌面文件\新建文件夹\慧分账下载\logs\error_20260507_171952.png
[2026-05-07 17:19:54] [INFO] 浏览器已关闭
[2026-05-07 17:26:36] [INFO] ============================================================
[2026-05-07 17:26:36] [INFO] 启动慧分账自动下载脚本
[2026-05-07 17:26:36] [INFO] 账号: fahuojishu   日期范围: 2026-05-06 ~ 2026-05-07
[2026-05-07 17:26:36] [INFO] 下载目录: D:\桌面文件\新建文件夹\慧分账下载\downloads
[2026-05-07 17:26:36] [INFO] Chrome Profile: D:\桌面文件\新建文件夹\慧分账下载\chrome_profile
[2026-05-07 17:26:36] [INFO] ============================================================
[2026-05-07 17:27:06] [INFO] 未登录，执行自动账号密码登录
[2026-05-07 17:27:06] [INFO] 开始自动登录: fahuojishu
[2026-05-07 17:27:06] [INFO] 登录尝试 1 / 3
[2026-05-07 17:27:09] [INFO] 已勾选用户协议（ant-checkbox-checked 已生效）
[2026-05-07 17:27:09] [INFO] 滑块拖动第 1 / 3 次
[2026-05-07 17:27:09] [WARNING] 未能从轨道父元素获取宽度，使用兜底距离 260px
[2026-05-07 17:27:09] [DEBUG] 生成轨迹步数=74，目标距离=260px
[2026-05-07 17:27:10] [DEBUG] 已松开滑块，实际移动 260px (含末端微调)
[2026-05-07 17:27:11] [WARNING] 滑块验证未通过，准备重试
[2026-05-07 17:27:12] [INFO] 滑块拖动第 2 / 3 次
[2026-05-07 17:27:12] [WARNING] 未能从轨道父元素获取宽度，使用兜底距离 260px
[2026-05-07 17:27:13] [DEBUG] 生成轨迹步数=74，目标距离=260px
[2026-05-07 17:27:13] [DEBUG] 已松开滑块，实际移动 260px (含末端微调)
[2026-05-07 17:27:15] [WARNING] 滑块验证未通过，准备重试
[2026-05-07 17:27:16] [INFO] 滑块拖动第 3 / 3 次
[2026-05-07 17:27:16] [WARNING] 未能从轨道父元素获取宽度，使用兜底距离 260px
[2026-05-07 17:27:16] [DEBUG] 生成轨迹步数=75，目标距离=260px
[2026-05-07 17:27:17] [DEBUG] 已松开滑块，实际移动 260px (含末端微调)
[2026-05-07 17:27:19] [WARNING] 滑块验证未通过，准备重试
[2026-05-07 17:27:20] [ERROR] 滑块验证 3 次后仍失败
[2026-05-07 17:27:20] [WARNING] 滑块验证失败，刷新页面后重试整体登录
[2026-05-07 17:27:22] [INFO] 登录尝试 2 / 3
[2026-05-07 17:27:25] [INFO] 已勾选用户协议（ant-checkbox-checked 已生效）
[2026-05-07 17:27:25] [INFO] 滑块拖动第 1 / 3 次
[2026-05-07 17:27:25] [WARNING] 未能从轨道父元素获取宽度，使用兜底距离 260px
[2026-05-07 17:27:25] [DEBUG] 生成轨迹步数=75，目标距离=260px
[2026-05-07 17:27:26] [DEBUG] 已松开滑块，实际移动 260px (含末端微调)
[2026-05-07 17:27:27] [WARNING] 滑块验证未通过，准备重试
[2026-05-07 17:27:29] [INFO] 滑块拖动第 2 / 3 次
[2026-05-07 17:27:29] [WARNING] 未能从轨道父元素获取宽度，使用兜底距离 260px
[2026-05-07 17:27:29] [DEBUG] 生成轨迹步数=77，目标距离=260px
[2026-05-07 17:27:30] [DEBUG] 已松开滑块，实际移动 260px (含末端微调)
[2026-05-07 17:27:32] [WARNING] 滑块验证未通过，准备重试
[2026-05-07 17:27:33] [INFO] 滑块拖动第 3 / 3 次
[2026-05-07 17:27:33] [WARNING] 未能从轨道父元素获取宽度，使用兜底距离 260px
[2026-05-07 17:27:33] [DEBUG] 生成轨迹步数=77，目标距离=260px
[2026-05-07 17:27:34] [DEBUG] 已松开滑块，实际移动 260px (含末端微调)
[2026-05-07 17:27:35] [WARNING] 滑块验证未通过，准备重试
[2026-05-07 17:27:37] [ERROR] 滑块验证 3 次后仍失败
[2026-05-07 17:27:37] [WARNING] 滑块验证失败，刷新页面后重试整体登录
[2026-05-07 17:27:37] [INFO] 登录尝试 3 / 3
[2026-05-07 17:27:43] [INFO] 已勾选用户协议（ant-checkbox-checked 已生效）
[2026-05-07 17:27:43] [INFO] 滑块拖动第 1 / 3 次
[2026-05-07 17:27:43] [WARNING] 未能从轨道父元素获取宽度，使用兜底距离 260px
[2026-05-07 17:27:44] [DEBUG] 生成轨迹步数=78，目标距离=260px
[2026-05-07 17:27:45] [DEBUG] 已松开滑块，实际移动 260px (含末端微调)
[2026-05-07 17:27:46] [WARNING] 滑块验证未通过，准备重试
[2026-05-07 17:27:47] [INFO] 滑块拖动第 2 / 3 次
[2026-05-07 17:27:47] [WARNING] 未能从轨道父元素获取宽度，使用兜底距离 260px
[2026-05-07 17:27:47] [DEBUG] 生成轨迹步数=76，目标距离=260px
[2026-05-07 17:27:48] [DEBUG] 已松开滑块，实际移动 260px (含末端微调)
[2026-05-07 17:27:49] [WARNING] 滑块验证未通过，准备重试
[2026-05-07 17:27:50] [INFO] 滑块拖动第 3 / 3 次
[2026-05-07 17:27:51] [WARNING] 未能从轨道父元素获取宽度，使用兜底距离 260px
[2026-05-07 17:27:51] [DEBUG] 生成轨迹步数=78，目标距离=260px
[2026-05-07 17:27:52] [DEBUG] 已松开滑块，实际移动 260px (含末端微调)
[2026-05-07 17:27:53] [WARNING] 滑块验证未通过，准备重试
[2026-05-07 17:27:54] [ERROR] 滑块验证 3 次后仍失败
[2026-05-07 17:27:54] [WARNING] 滑块验证失败，刷新页面后重试整体登录
[2026-05-07 17:27:55] [ERROR] 流程失败：Message: 登录失败（已重试 3 次），最后错误: None

[2026-05-07 17:27:55] [ERROR] Traceback (most recent call last):
  File "D:\桌面文件\新建文件夹\慧分账下载\main.py", line 111, in main
    ensure_logged_in(driver)
    ~~~~~~~~~~~~~~~~^^^^^^^^
  File "D:\桌面文件\新建文件夹\慧分账下载\main.py", line 81, in ensure_logged_in
    auto_login(driver, USERNAME, PASSWORD, timeout=LOGIN_TIMEOUT)
    ~~~~~~~~~~^^^^^^^^^^^^^^^^^^^^^^^^^^^^^^^^^^^^^^^^^^^^^^^^^^^
  File "D:\桌面文件\新建文件夹\慧分账下载\utils\page_actions.py", line 237, in auto_login
    raise TimeoutException(f"登录失败（已重试 {max_retries} 次），最后错误: {last_err}")
selenium.common.exceptions.TimeoutException: Message: 登录失败（已重试 3 次），最后错误: None


[2026-05-07 17:27:55] [ERROR] 已保存错误截图：D:\桌面文件\新建文件夹\慧分账下载\logs\error_20260507_172755.png
[2026-05-07 17:27:58] [INFO] 浏览器已关闭
[2026-05-11 14:24:37] [INFO] ============================================================
[2026-05-11 14:24:37] [INFO] 启动慧分账自动下载脚本
[2026-05-11 14:24:37] [INFO] 账号: fahuojishu   日期范围: 2026-05-10 ~ 2026-05-11
[2026-05-11 14:24:37] [INFO] 下载目录: D:\桌面文件\新建文件夹\慧分账下载\downloads
[2026-05-11 14:24:37] [INFO] Chrome Profile: D:\桌面文件\新建文件夹\慧分账下载\chrome_profile
[2026-05-11 14:24:37] [INFO] ============================================================
[2026-05-11 14:25:26] [INFO] 未登录，执行自动账号密码登录
[2026-05-11 14:25:26] [INFO] 开始自动登录: fahuojishu
[2026-05-11 14:25:31] [INFO] 登录尝试 1 / 3
[2026-05-11 14:26:00] [WARNING] 登录流程异常: Message: invalid session id: session deleted as the browser has closed the connection
from disconnected: not connected to DevTools
  (Session info: chrome=147.0.7727.117); For documentation on this error, please visit: https://www.selenium.dev/documentation/webdriver/troubleshooting/errors#invalidsessionidexception
Stacktrace:
	chromedriver!GetHandleVerifier [0xf6b373+10553]
	chromedriver!GetHandleVerifier [0xf6b4a4+10684]
	chromedriver!(No symbol) [0xd71e10]
	chromedriver!(No symbol) [0xd60d8e]
	chromedriver!(No symbol) [0xd7f8d9]
	chromedriver!(No symbol) [0xde3dbc]
	chromedriver!(No symbol) [0xdfa3a9]
	chromedriver!(No symbol) [0xddd606]
	chromedriver!(No symbol) [0xdb0039]
	chromedriver!(No symbol) [0xdb0df4]
	chromedriver!GetHandleVerifier [0x11eddb4+292f94]
	chromedriver!GetHandleVerifier [0x11e937d+28e55d]
	chromedriver!GetHandleVerifier [0x1208215+2ad3f5]
	chromedriver!GetHandleVerifier [0xf84c18+29df8]
	chromedriver!GetHandleVerifier [0xf8c6fd+318dd]
	chromedriver!GetHandleVerifier [0xf73c78+18e58]
	chromedriver!GetHandleVerifier [0xf73e42+19022]
	chromedriver!GetHandleVerifier [0xf5d45f+263f]
	KERNEL32!BaseThreadInitThunk [0x75ce5d49+19]
	ntdll!RtlInitializeExceptionChain [0x7770d83b+6b]
	ntdll!RtlGetAppContainerNamedObjectPath [0x7770d7c1+231]
，刷新页面重试
[2026-05-11 14:26:00] [INFO] 登录尝试 2 / 3
[2026-05-11 14:26:00] [WARNING] 登录流程异常: Message: invalid session id; For documentation on this error, please visit: https://www.selenium.dev/documentation/webdriver/troubleshooting/errors#invalidsessionidexception
Stacktrace:
	chromedriver!GetHandleVerifier [0xf6b373+10553]
	chromedriver!GetHandleVerifier [0xf6b4a4+10684]
	chromedriver!(No symbol) [0xd71c4e]
	chromedriver!(No symbol) [0xdaf2c5]
	chromedriver!(No symbol) [0xddd726]
	chromedriver!(No symbol) [0xdd8c62]
	chromedriver!(No symbol) [0xdd8281]
	chromedriver!(No symbol) [0xd4501e]
	chromedriver!(No symbol) [0xd455be]
	chromedriver!(No symbol) [0xd45a9d]
	chromedriver!GetHandleVerifier [0x11eddb4+292f94]
	chromedriver!GetHandleVerifier [0x11e937d+28e55d]
	chromedriver!GetHandleVerifier [0x1208215+2ad3f5]
	chromedriver!GetHandleVerifier [0xf84c18+29df8]
	chromedriver!GetHandleVerifier [0xf8c6fd+318dd]
	chromedriver!(No symbol) [0xd44b99]
	chromedriver!(No symbol) [0xd441e0]
	chromedriver!GetHandleVerifier [0x1352bef+3f7dcf]
	KERNEL32!BaseThreadInitThunk [0x75ce5d49+19]
	ntdll!RtlInitializeExceptionChain [0x7770d83b+6b]
	ntdll!RtlGetAppContainerNamedObjectPath [0x7770d7c1+231]
，刷新页面重试
[2026-05-11 14:26:00] [INFO] 登录尝试 3 / 3
[2026-05-11 14:26:00] [WARNING] 登录流程异常: Message: invalid session id; For documentation on this error, please visit: https://www.selenium.dev/documentation/webdriver/troubleshooting/errors#invalidsessionidexception
Stacktrace:
	chromedriver!GetHandleVerifier [0xf6b373+10553]
	chromedriver!GetHandleVerifier [0xf6b4a4+10684]
	chromedriver!(No symbol) [0xd71c4e]
	chromedriver!(No symbol) [0xdaf2c5]
	chromedriver!(No symbol) [0xddd726]
	chromedriver!(No symbol) [0xdd8c62]
	chromedriver!(No symbol) [0xdd8281]
	chromedriver!(No symbol) [0xd4501e]
	chromedriver!(No symbol) [0xd455be]
	chromedriver!(No symbol) [0xd45a9d]
	chromedriver!GetHandleVerifier [0x11eddb4+292f94]
	chromedriver!GetHandleVerifier [0x11e937d+28e55d]
	chromedriver!GetHandleVerifier [0x1208215+2ad3f5]
	chromedriver!GetHandleVerifier [0xf84c18+29df8]
	chromedriver!GetHandleVerifier [0xf8c6fd+318dd]
	chromedriver!(No symbol) [0xd44b99]
	chromedriver!(No symbol) [0xd441e0]
	chromedriver!GetHandleVerifier [0x1352bef+3f7dcf]
	KERNEL32!BaseThreadInitThunk [0x75ce5d49+19]
	ntdll!RtlInitializeExceptionChain [0x7770d83b+6b]
	ntdll!RtlGetAppContainerNamedObjectPath [0x7770d7c1+231]
，刷新页面重试
[2026-05-11 14:26:00] [ERROR] 流程失败：Message: 登录失败（已重试 3 次），最后错误: Message: invalid session id; For documentation on this error, please visit: https://www.selenium.dev/documentation/webdriver/troubleshooting/errors#invalidsessionidexception
Stacktrace:
	chromedriver!GetHandleVerifier [0xf6b373+10553]
	chromedriver!GetHandleVerifier [0xf6b4a4+10684]
	chromedriver!(No symbol) [0xd71c4e]
	chromedriver!(No symbol) [0xdaf2c5]
	chromedriver!(No symbol) [0xddd726]
	chromedriver!(No symbol) [0xdd8c62]
	chromedriver!(No symbol) [0xdd8281]
	chromedriver!(No symbol) [0xd4501e]
	chromedriver!(No symbol) [0xd455be]
	chromedriver!(No symbol) [0xd45a9d]
	chromedriver!GetHandleVerifier [0x11eddb4+292f94]
	chromedriver!GetHandleVerifier [0x11e937d+28e55d]
	chromedriver!GetHandleVerifier [0x1208215+2ad3f5]
	chromedriver!GetHandleVerifier [0xf84c18+29df8]
	chromedriver!GetHandleVerifier [0xf8c6fd+318dd]
	chromedriver!(No symbol) [0xd44b99]
	chromedriver!(No symbol) [0xd441e0]
	chromedriver!GetHandleVerifier [0x1352bef+3f7dcf]
	KERNEL32!BaseThreadInitThunk [0x75ce5d49+19]
	ntdll!RtlInitializeExceptionChain [0x7770d83b+6b]
	ntdll!RtlGetAppContainerNamedObjectPath [0x7770d7c1+231]


[2026-05-11 14:26:00] [ERROR] Traceback (most recent call last):
  File "D:\桌面文件\新建文件夹\慧分账下载\main.py", line 111, in main
    ensure_logged_in(driver)
    ~~~~~~~~~~~~~~~~^^^^^^^^
  File "D:\桌面文件\新建文件夹\慧分账下载\main.py", line 81, in ensure_logged_in
    auto_login(driver, USERNAME, PASSWORD, timeout=LOGIN_TIMEOUT)
    ~~~~~~~~~~^^^^^^^^^^^^^^^^^^^^^^^^^^^^^^^^^^^^^^^^^^^^^^^^^^^
  File "D:\桌面文件\新建文件夹\慧分账下载\utils\page_actions.py", line 244, in auto_login
    raise TimeoutException(f"登录失败（已重试 {max_retries} 次），最后错误: {last_err}")
selenium.common.exceptions.TimeoutException: Message: 登录失败（已重试 3 次），最后错误: Message: invalid session id; For documentation on this error, please visit: https://www.selenium.dev/documentation/webdriver/troubleshooting/errors#invalidsessionidexception
Stacktrace:
	chromedriver!GetHandleVerifier [0xf6b373+10553]
	chromedriver!GetHandleVerifier [0xf6b4a4+10684]
	chromedriver!(No symbol) [0xd71c4e]
	chromedriver!(No symbol) [0xdaf2c5]
	chromedriver!(No symbol) [0xddd726]
	chromedriver!(No symbol) [0xdd8c62]
	chromedriver!(No symbol) [0xdd8281]
	chromedriver!(No symbol) [0xd4501e]
	chromedriver!(No symbol) [0xd455be]
	chromedriver!(No symbol) [0xd45a9d]
	chromedriver!GetHandleVerifier [0x11eddb4+292f94]
	chromedriver!GetHandleVerifier [0x11e937d+28e55d]
	chromedriver!GetHandleVerifier [0x1208215+2ad3f5]
	chromedriver!GetHandleVerifier [0xf84c18+29df8]
	chromedriver!GetHandleVerifier [0xf8c6fd+318dd]
	chromedriver!(No symbol) [0xd44b99]
	chromedriver!(No symbol) [0xd441e0]
	chromedriver!GetHandleVerifier [0x1352bef+3f7dcf]
	KERNEL32!BaseThreadInitThunk [0x75ce5d49+19]
	ntdll!RtlInitializeExceptionChain [0x7770d83b+6b]
	ntdll!RtlGetAppContainerNamedObjectPath [0x7770d7c1+231]



[2026-05-11 14:26:00] [ERROR] 已保存错误截图：D:\桌面文件\新建文件夹\慧分账下载\logs\error_20260511_142600.png
[2026-05-11 14:26:03] [INFO] 浏览器已关闭
[2026-05-11 14:28:27] [INFO] ============================================================
[2026-05-11 14:28:27] [INFO] 启动慧分账自动下载脚本
[2026-05-11 14:28:27] [INFO] 账号: fahuojishu   日期范围: 2026-05-10 ~ 2026-05-11
[2026-05-11 14:28:27] [INFO] 下载目录: D:\桌面文件\新建文件夹\慧分账下载\downloads
[2026-05-11 14:28:27] [INFO] Chrome Profile: D:\桌面文件\新建文件夹\慧分账下载\chrome_profile
[2026-05-11 14:28:27] [INFO] ============================================================
[2026-05-11 14:28:58] [INFO] 未登录，执行自动账号密码登录
[2026-05-11 14:28:58] [INFO] 开始自动登录: fahuojishu
[2026-05-11 14:29:04] [INFO] 登录尝试 1 / 3
[2026-05-11 14:42:58] [INFO] ============================================================
[2026-05-11 14:42:58] [INFO] 启动慧分账自动下载脚本
[2026-05-11 14:42:58] [INFO] 账号: fahuojishu   日期范围: 2026-05-10 ~ 2026-05-11
[2026-05-11 14:42:58] [INFO] 下载目录: D:\桌面文件\新建文件夹\慧分账下载\downloads
[2026-05-11 14:42:58] [INFO] Chrome Profile: D:\桌面文件\新建文件夹\慧分账下载\chrome_profile
[2026-05-11 14:42:58] [INFO] ============================================================
[2026-05-11 14:43:11] [INFO] 未登录，执行自动账号密码登录
[2026-05-11 14:43:11] [INFO] 开始自动登录: fahuojishu
[2026-05-11 14:43:17] [INFO] 登录尝试 1 / 3
[2026-05-11 14:43:18] [INFO] 已勾选用户协议（ant-checkbox-checked 已生效）
[2026-05-11 14:43:18] [INFO] 滑块拖动第 1 / 3 次
[2026-05-11 14:43:18] [DEBUG] 生成轨迹步数=79，目标距离=306px
[2026-05-11 14:43:19] [DEBUG] 已松开滑块，实际移动 306px (含末端微调)
[2026-05-11 14:43:20] [WARNING] 滑块验证失败，第 1 次重试
[2026-05-11 14:43:21] [INFO] 滑块拖动第 2 / 3 次
[2026-05-11 14:43:21] [WARNING] 未找到滑块元素 .anticon.anticon-double-right，等待 1s 重试
[2026-05-11 14:43:22] [INFO] 滑块拖动第 3 / 3 次
[2026-05-11 14:43:22] [WARNING] 未找到滑块元素 .anticon.anticon-double-right，等待 1s 重试
[2026-05-11 14:43:23] [ERROR] 滑块验证 3 次后仍失败
[2026-05-11 14:43:23] [WARNING] 滑块验证失败，刷新页面后重试整体登录
[2026-05-11 14:43:24] [INFO] 登录尝试 2 / 3
[2026-05-11 14:43:26] [INFO] 已勾选用户协议（ant-checkbox-checked 已生效）
[2026-05-11 14:43:26] [INFO] 滑块拖动第 1 / 3 次
[2026-05-11 14:43:27] [DEBUG] 生成轨迹步数=83，目标距离=306px
[2026-05-11 14:43:28] [DEBUG] 已松开滑块，实际移动 306px (含末端微调)
[2026-05-11 14:43:29] [WARNING] 滑块验证失败，第 1 次重试
[2026-05-11 14:43:31] [INFO] 滑块拖动第 2 / 3 次
[2026-05-11 14:43:31] [WARNING] 未找到滑块元素 .anticon.anticon-double-right，等待 1s 重试
[2026-05-11 14:43:32] [INFO] 滑块拖动第 3 / 3 次
[2026-05-11 14:43:32] [WARNING] 未找到滑块元素 .anticon.anticon-double-right，等待 1s 重试
[2026-05-11 14:43:33] [ERROR] 滑块验证 3 次后仍失败
[2026-05-11 14:43:33] [WARNING] 滑块验证失败，刷新页面后重试整体登录
[2026-05-11 14:43:33] [INFO] 登录尝试 3 / 3
[2026-05-11 14:43:35] [INFO] 已勾选用户协议（ant-checkbox-checked 已生效）
[2026-05-11 14:43:35] [INFO] 滑块拖动第 1 / 3 次
[2026-05-11 14:43:35] [DEBUG] 生成轨迹步数=80，目标距离=306px
[2026-05-11 14:43:36] [DEBUG] 已松开滑块，实际移动 306px (含末端微调)
[2026-05-11 14:43:38] [WARNING] 滑块验证失败，第 1 次重试
[2026-05-11 14:43:39] [INFO] 滑块拖动第 2 / 3 次
[2026-05-11 14:43:39] [DEBUG] 生成轨迹步数=83，目标距离=306px
[2026-05-11 14:43:40] [DEBUG] 已松开滑块，实际移动 306px (含末端微调)
[2026-05-11 14:43:42] [WARNING] 滑块验证失败，第 2 次重试
[2026-05-11 14:43:43] [INFO] 滑块拖动第 3 / 3 次
[2026-05-11 14:43:43] [WARNING] 未找到滑块元素 .anticon.anticon-double-right，等待 1s 重试
[2026-05-11 14:43:44] [ERROR] 滑块验证 3 次后仍失败
[2026-05-11 14:43:44] [WARNING] 滑块验证失败，刷新页面后重试整体登录
[2026-05-11 14:43:44] [ERROR] 流程失败：Message: 登录失败（已重试 3 次），最后错误: None

[2026-05-11 14:43:44] [ERROR] Traceback (most recent call last):
  File "D:\桌面文件\新建文件夹\慧分账下载\main.py", line 111, in main
    ensure_logged_in(driver)
    ~~~~~~~~~~~~~~~~^^^^^^^^
  File "D:\桌面文件\新建文件夹\慧分账下载\main.py", line 81, in ensure_logged_in
    auto_login(driver, USERNAME, PASSWORD, timeout=LOGIN_TIMEOUT)
    ~~~~~~~~~~^^^^^^^^^^^^^^^^^^^^^^^^^^^^^^^^^^^^^^^^^^^^^^^^^^^
  File "D:\桌面文件\新建文件夹\慧分账下载\utils\page_actions.py", line 271, in auto_login
    raise TimeoutException(f"登录失败（已重试 {max_retries} 次），最后错误: {last_err}")
selenium.common.exceptions.TimeoutException: Message: 登录失败（已重试 3 次），最后错误: None


[2026-05-11 14:43:44] [ERROR] 已保存错误截图：D:\桌面文件\新建文件夹\慧分账下载\logs\error_20260511_144344.png
[2026-05-11 14:43:47] [INFO] 浏览器已关闭
[2026-05-11 14:50:42] [INFO] ============================================================
[2026-05-11 14:50:42] [INFO] 启动慧分账自动下载脚本
[2026-05-11 14:50:42] [INFO] 账号: fahuojishu   日期范围: 2026-05-10 ~ 2026-05-11
[2026-05-11 14:50:42] [INFO] 下载目录: D:\桌面文件\新建文件夹\慧分账下载\downloads
[2026-05-11 14:50:42] [INFO] Chrome Profile: D:\桌面文件\新建文件夹\慧分账下载\chrome_profile
[2026-05-11 14:50:42] [INFO] ============================================================
[2026-05-11 14:50:55] [INFO] 未登录，执行自动账号密码登录
[2026-05-11 14:50:55] [INFO] 开始自动登录: fahuojishu
[2026-05-11 14:51:00] [INFO] 登录尝试 1 / 3
[2026-05-11 14:51:01] [INFO] 已勾选用户协议（ant-checkbox-checked 已生效）
[2026-05-11 14:51:01] [INFO] 滑块拖动第 1 / 3 次
[2026-05-11 14:51:02] [DEBUG] 生成轨迹步数=80，目标距离=306px
[2026-05-11 14:51:03] [DEBUG] 已松开滑块，实际移动 306px (含末端微调)
[2026-05-11 14:51:04] [DEBUG] 滑块成功判定：reason=check-circle-shown, remaining=None
[2026-05-11 14:51:04] [SUCCESS] 滑块验证通过
[2026-05-11 14:51:05] [INFO] 已点击登录按钮
[2026-05-11 14:51:06] [INFO] 已切换到「微信扫码登录」
[2026-05-11 14:51:06] [INFO] 请使用微信扫码登录...
[2026-05-11 14:57:07] [INFO] ============================================================
[2026-05-11 14:57:07] [INFO] 启动慧分账自动下载脚本
[2026-05-11 14:57:07] [INFO] 账号: fahuojishu   日期范围: 2026-05-10 ~ 2026-05-11
[2026-05-11 14:57:07] [INFO] 下载目录: D:\桌面文件\新建文件夹\慧分账下载\downloads
[2026-05-11 14:57:07] [INFO] Chrome Profile: D:\桌面文件\新建文件夹\慧分账下载\chrome_profile
[2026-05-11 14:57:07] [INFO] ============================================================
[2026-05-11 14:57:22] [INFO] 未登录，执行自动账号密码登录
[2026-05-11 14:57:22] [INFO] 开始自动登录: fahuojishu
[2026-05-11 14:57:27] [INFO] 登录尝试 1 / 3
[2026-05-11 14:57:28] [INFO] 已勾选用户协议（ant-checkbox-checked 已生效）
[2026-05-11 14:57:28] [INFO] 滑块拖动第 1 / 3 次
[2026-05-11 14:57:28] [DEBUG] 生成轨迹步数=81，目标距离=306px
[2026-05-11 14:57:30] [DEBUG] 已松开滑块，实际移动 306px (含末端微调)
[2026-05-11 14:57:31] [DEBUG] 滑块成功判定：reason=check-circle-shown, remaining=None
[2026-05-11 14:57:31] [SUCCESS] 滑块验证通过
[2026-05-11 14:57:31] [INFO] 已点击登录按钮
[2026-05-11 14:57:32] [INFO] 已切换到「微信扫码登录」
[2026-05-11 14:57:32] [INFO] 已点击「微信授权登录」
[2026-05-11 14:57:32] [INFO] 请使用微信扫码登录...
[2026-05-11 15:00:55] [INFO] ============================================================
[2026-05-11 15:00:55] [INFO] 启动慧分账自动下载脚本
[2026-05-11 15:00:55] [INFO] 账号: fahuojishu   日期范围: 2026-05-10 ~ 2026-05-11
[2026-05-11 15:00:55] [INFO] 下载目录: D:\桌面文件\新建文件夹\慧分账下载\downloads
[2026-05-11 15:00:55] [INFO] Chrome Profile: D:\桌面文件\新建文件夹\慧分账下载\chrome_profile
[2026-05-11 15:00:55] [INFO] ============================================================
[2026-05-11 15:01:10] [SUCCESS] 检测到已登录（chrome_profile 持久化生效），跳过登录
[2026-05-11 15:01:11] [INFO] 展开一级菜单：财务管理
[2026-05-11 15:35:13] [INFO] ============================================================
[2026-05-11 15:35:13] [INFO] 启动慧分账自动下载脚本
[2026-05-11 15:35:13] [INFO] 账号: fahuojishu   日期范围: 2026-05-10 ~ 2026-05-11
[2026-05-11 15:35:13] [INFO] 下载目录: D:\桌面文件\新建文件夹\慧分账下载\downloads
[2026-05-11 15:35:13] [INFO] Chrome Profile: D:\桌面文件\新建文件夹\慧分账下载\chrome_profile
[2026-05-11 15:35:13] [INFO] ============================================================
[2026-05-11 15:35:20] [SUCCESS] 检测到已登录（chrome_profile 持久化生效），跳过登录
[2026-05-11 15:35:20] [INFO] 点击一级菜单：财务管理
[2026-05-11 15:35:21] [INFO] 点击二级菜单：收款订单查询
[2026-05-11 15:35:22] [INFO] 等待业务页加载（日期 / 查询按钮 / 表格）...
[2026-05-11 15:35:22] [INFO]   - 日期组件 OK
[2026-05-11 15:35:22] [INFO]   - 查询按钮 OK
[2026-05-11 15:35:22] [INFO]   - 主表格 OK
[2026-05-11 15:35:22] [SUCCESS] 业务页已就绪
[2026-05-11 15:35:22] [INFO] 设置日期范围: 2026-05-10 ~ 2026-05-11
[2026-05-11 15:35:23] [INFO] 日期设置完成（开始=2026-05-10, 结束=2026-05-11）
[2026-05-11 15:35:23] [INFO] 点击「查询」按钮
[2026-05-11 15:35:24] [INFO] 等待表格刷新完成...
[2026-05-11 15:35:32] [SUCCESS] loading 遮罩已消失
[2026-05-11 15:35:32] [INFO] 点击「导出报表」按钮
[2026-05-11 15:35:32] [INFO] 等待下载完成（最长 300 秒）...
[2026-05-11 15:36:51] [INFO] ============================================================
[2026-05-11 15:36:51] [INFO] 启动慧分账自动下载脚本
[2026-05-11 15:36:51] [INFO] 账号: fahuojishu   日期范围: 2026-05-10 ~ 2026-05-11
[2026-05-11 15:36:51] [INFO] 下载目录: D:\桌面文件\新建文件夹\慧分账下载\downloads
[2026-05-11 15:36:51] [INFO] Chrome Profile: D:\桌面文件\新建文件夹\慧分账下载\chrome_profile
[2026-05-11 15:36:51] [INFO] ============================================================
[2026-05-11 15:36:57] [SUCCESS] 检测到已登录（chrome_profile 持久化生效），跳过登录
[2026-05-11 15:36:57] [INFO] 点击一级菜单：财务管理
[2026-05-11 15:36:58] [INFO] 点击二级菜单：收款订单查询
[2026-05-11 15:36:59] [INFO] 等待业务页加载（日期 / 查询按钮 / 表格）...
[2026-05-11 15:36:59] [INFO]   - 日期组件 OK
[2026-05-11 15:36:59] [INFO]   - 查询按钮 OK
[2026-05-11 15:36:59] [INFO]   - 主表格 OK
[2026-05-11 15:36:59] [SUCCESS] 业务页已就绪
[2026-05-11 15:36:59] [INFO] 设置日期范围: 2026-05-10 ~ 2026-05-11
[2026-05-11 15:36:59] [INFO] 日期设置完成（开始=2026-05-10, 结束=2026-05-11）
[2026-05-11 15:36:59] [INFO] 点击「查询」按钮
[2026-05-11 15:37:01] [INFO] 等待表格刷新完成...
[2026-05-11 15:52:23] [INFO] ============================================================
[2026-05-11 15:52:23] [INFO] 启动慧分账自动下载脚本
[2026-05-11 15:52:23] [INFO] 账号: fahuojishu   日期范围: 2026-05-10 ~ 2026-05-11
[2026-05-11 15:52:23] [INFO] 下载目录: D:\桌面文件\新建文件夹\慧分账下载\downloads
[2026-05-11 15:52:23] [INFO] Chrome Profile: D:\桌面文件\新建文件夹\慧分账下载\chrome_profile
[2026-05-11 15:52:23] [INFO] ============================================================
[2026-05-11 15:52:27] [ERROR] 流程失败：Message: session not created: Chrome instance exited. Examine ChromeDriver verbose log to determine the cause.; For documentation on this error, please visit: https://www.selenium.dev/documentation/webdriver/troubleshooting/errors#sessionnotcreatedexception
Stacktrace:
	chromedriver!GetHandleVerifier [0xf6b373+10553]
	chromedriver!GetHandleVerifier [0xf6b4a4+10684]
	chromedriver!(No symbol) [0xd71e10]
	chromedriver!(No symbol) [0xda5ec8]
	chromedriver!(No symbol) [0xda2480]
	chromedriver!(No symbol) [0xde956f]
	chromedriver!(No symbol) [0xde8d87]
	chromedriver!(No symbol) [0xddd606]
	chromedriver!(No symbol) [0xdb0039]
	chromedriver!(No symbol) [0xdb0df4]
	chromedriver!GetHandleVerifier [0x11eddb4+292f94]
	chromedriver!GetHandleVerifier [0x11e937d+28e55d]
	chromedriver!GetHandleVerifier [0x1208215+2ad3f5]
	chromedriver!GetHandleVerifier [0xf84c18+29df8]
	chromedriver!GetHandleVerifier [0xf8c6fd+318dd]
	chromedriver!GetHandleVerifier [0xf73c78+18e58]
	chromedriver!GetHandleVerifier [0xf73e42+19022]
	chromedriver!GetHandleVerifier [0xf5d45f+263f]
	KERNEL32!BaseThreadInitThunk [0x75ce5d49+19]
	ntdll!RtlInitializeExceptionChain [0x7770d83b+6b]
	ntdll!RtlGetAppContainerNamedObjectPath [0x7770d7c1+231]

[2026-05-11 15:52:27] [ERROR] Traceback (most recent call last):
  File "D:\桌面文件\新建文件夹\慧分账下载\main.py", line 104, in main
    driver = build_driver(
        download_dir=DOWNLOAD_DIR,
    ...<2 lines>...
        headless=HEADLESS,
    )
  File "D:\桌面文件\新建文件夹\慧分账下载\utils\browser.py", line 88, in build_driver
    driver = webdriver.Chrome(service=service, options=options)
  File "D:\桌面文件\新建文件夹\慧分账下载\.venv\Lib\site-packages\selenium\webdriver\chrome\webdriver.py", line 45, in __init__
    super().__init__(
    ~~~~~~~~~~~~~~~~^
        browser_name=DesiredCapabilities.CHROME["browserName"],
        ^^^^^^^^^^^^^^^^^^^^^^^^^^^^^^^^^^^^^^^^^^^^^^^^^^^^^^^
    ...<3 lines>...
        keep_alive=keep_alive,
        ^^^^^^^^^^^^^^^^^^^^^^
    )
    ^
  File "D:\桌面文件\新建文件夹\慧分账下载\.venv\Lib\site-packages\selenium\webdriver\chromium\webdriver.py", line 66, in __init__
    super().__init__(command_executor=executor, options=self.options)
    ~~~~~~~~~~~~~~~~^^^^^^^^^^^^^^^^^^^^^^^^^^^^^^^^^^^^^^^^^^^^^^^^^
  File "D:\桌面文件\新建文件夹\慧分账下载\.venv\Lib\site-packages\selenium\webdriver\common\webdriver.py", line 25, in __init__
    super().__init__(*args, **kwargs)
    ~~~~~~~~~~~~~~~~^^^^^^^^^^^^^^^^^
  File "D:\桌面文件\新建文件夹\慧分账下载\.venv\Lib\site-packages\selenium\webdriver\remote\webdriver.py", line 274, in __init__
    self.start_session(capabilities)
    ~~~~~~~~~~~~~~~~~~^^^^^^^^^^^^^^
  File "D:\桌面文件\新建文件夹\慧分账下载\.venv\Lib\site-packages\selenium\webdriver\remote\webdriver.py", line 370, in start_session
    response = self.execute(Command.NEW_SESSION, caps)["value"]
               ~~~~~~~~~~~~^^^^^^^^^^^^^^^^^^^^^^^^^^^
  File "D:\桌面文件\新建文件夹\慧分账下载\.venv\Lib\site-packages\selenium\webdriver\remote\webdriver.py", line 450, in execute
    self.error_handler.check_response(response)
    ~~~~~~~~~~~~~~~~~~~~~~~~~~~~~~~~~^^^^^^^^^^
  File "D:\桌面文件\新建文件夹\慧分账下载\.venv\Lib\site-packages\selenium\webdriver\remote\errorhandler.py", line 232, in check_response
    raise exception_class(message, screen, stacktrace)
selenium.common.exceptions.SessionNotCreatedException: Message: session not created: Chrome instance exited. Examine ChromeDriver verbose log to determine the cause.; For documentation on this error, please visit: https://www.selenium.dev/documentation/webdriver/troubleshooting/errors#sessionnotcreatedexception
Stacktrace:
	chromedriver!GetHandleVerifier [0xf6b373+10553]
	chromedriver!GetHandleVerifier [0xf6b4a4+10684]
	chromedriver!(No symbol) [0xd71e10]
	chromedriver!(No symbol) [0xda5ec8]
	chromedriver!(No symbol) [0xda2480]
	chromedriver!(No symbol) [0xde956f]
	chromedriver!(No symbol) [0xde8d87]
	chromedriver!(No symbol) [0xddd606]
	chromedriver!(No symbol) [0xdb0039]
	chromedriver!(No symbol) [0xdb0df4]
	chromedriver!GetHandleVerifier [0x11eddb4+292f94]
	chromedriver!GetHandleVerifier [0x11e937d+28e55d]
	chromedriver!GetHandleVerifier [0x1208215+2ad3f5]
	chromedriver!GetHandleVerifier [0xf84c18+29df8]
	chromedriver!GetHandleVerifier [0xf8c6fd+318dd]
	chromedriver!GetHandleVerifier [0xf73c78+18e58]
	chromedriver!GetHandleVerifier [0xf73e42+19022]
	chromedriver!GetHandleVerifier [0xf5d45f+263f]
	KERNEL32!BaseThreadInitThunk [0x75ce5d49+19]
	ntdll!RtlInitializeExceptionChain [0x7770d83b+6b]
	ntdll!RtlGetAppContainerNamedObjectPath [0x7770d7c1+231]


[2026-05-11 15:52:54] [INFO] ============================================================
[2026-05-11 15:52:54] [INFO] 启动慧分账自动下载脚本
[2026-05-11 15:52:54] [INFO] 账号: fahuojishu   日期范围: 2026-05-10 ~ 2026-05-11
[2026-05-11 15:52:54] [INFO] 下载目录: D:\桌面文件\新建文件夹\慧分账下载\downloads
[2026-05-11 15:52:54] [INFO] Chrome Profile: D:\桌面文件\新建文件夹\慧分账下载\chrome_profile
[2026-05-11 15:52:54] [INFO] ============================================================
[2026-05-11 15:52:58] [ERROR] 流程失败：Message: session not created: Chrome instance exited. Examine ChromeDriver verbose log to determine the cause.; For documentation on this error, please visit: https://www.selenium.dev/documentation/webdriver/troubleshooting/errors#sessionnotcreatedexception
Stacktrace:
	chromedriver!GetHandleVerifier [0xf6b373+10553]
	chromedriver!GetHandleVerifier [0xf6b4a4+10684]
	chromedriver!(No symbol) [0xd71e10]
	chromedriver!(No symbol) [0xda5ec8]
	chromedriver!(No symbol) [0xda2480]
	chromedriver!(No symbol) [0xde956f]
	chromedriver!(No symbol) [0xde8d87]
	chromedriver!(No symbol) [0xddd606]
	chromedriver!(No symbol) [0xdb0039]
	chromedriver!(No symbol) [0xdb0df4]
	chromedriver!GetHandleVerifier [0x11eddb4+292f94]
	chromedriver!GetHandleVerifier [0x11e937d+28e55d]
	chromedriver!GetHandleVerifier [0x1208215+2ad3f5]
	chromedriver!GetHandleVerifier [0xf84c18+29df8]
	chromedriver!GetHandleVerifier [0xf8c6fd+318dd]
	chromedriver!GetHandleVerifier [0xf73c78+18e58]
	chromedriver!GetHandleVerifier [0xf73e42+19022]
	chromedriver!GetHandleVerifier [0xf5d45f+263f]
	KERNEL32!BaseThreadInitThunk [0x75ce5d49+19]
	ntdll!RtlInitializeExceptionChain [0x7770d83b+6b]
	ntdll!RtlGetAppContainerNamedObjectPath [0x7770d7c1+231]

[2026-05-11 15:52:58] [ERROR] Traceback (most recent call last):
  File "D:\桌面文件\新建文件夹\慧分账下载\main.py", line 104, in main
    driver = build_driver(
        download_dir=DOWNLOAD_DIR,
    ...<2 lines>...
        headless=HEADLESS,
    )
  File "D:\桌面文件\新建文件夹\慧分账下载\utils\browser.py", line 88, in build_driver
    driver = webdriver.Chrome(service=service, options=options)
  File "D:\桌面文件\新建文件夹\慧分账下载\.venv\Lib\site-packages\selenium\webdriver\chrome\webdriver.py", line 45, in __init__
    super().__init__(
    ~~~~~~~~~~~~~~~~^
        browser_name=DesiredCapabilities.CHROME["browserName"],
        ^^^^^^^^^^^^^^^^^^^^^^^^^^^^^^^^^^^^^^^^^^^^^^^^^^^^^^^
    ...<3 lines>...
        keep_alive=keep_alive,
        ^^^^^^^^^^^^^^^^^^^^^^
    )
    ^
  File "D:\桌面文件\新建文件夹\慧分账下载\.venv\Lib\site-packages\selenium\webdriver\chromium\webdriver.py", line 66, in __init__
    super().__init__(command_executor=executor, options=self.options)
    ~~~~~~~~~~~~~~~~^^^^^^^^^^^^^^^^^^^^^^^^^^^^^^^^^^^^^^^^^^^^^^^^^
  File "D:\桌面文件\新建文件夹\慧分账下载\.venv\Lib\site-packages\selenium\webdriver\common\webdriver.py", line 25, in __init__
    super().__init__(*args, **kwargs)
    ~~~~~~~~~~~~~~~~^^^^^^^^^^^^^^^^^
  File "D:\桌面文件\新建文件夹\慧分账下载\.venv\Lib\site-packages\selenium\webdriver\remote\webdriver.py", line 274, in __init__
    self.start_session(capabilities)
    ~~~~~~~~~~~~~~~~~~^^^^^^^^^^^^^^
  File "D:\桌面文件\新建文件夹\慧分账下载\.venv\Lib\site-packages\selenium\webdriver\remote\webdriver.py", line 370, in start_session
    response = self.execute(Command.NEW_SESSION, caps)["value"]
               ~~~~~~~~~~~~^^^^^^^^^^^^^^^^^^^^^^^^^^^
  File "D:\桌面文件\新建文件夹\慧分账下载\.venv\Lib\site-packages\selenium\webdriver\remote\webdriver.py", line 450, in execute
    self.error_handler.check_response(response)
    ~~~~~~~~~~~~~~~~~~~~~~~~~~~~~~~~~^^^^^^^^^^
  File "D:\桌面文件\新建文件夹\慧分账下载\.venv\Lib\site-packages\selenium\webdriver\remote\errorhandler.py", line 232, in check_response
    raise exception_class(message, screen, stacktrace)
selenium.common.exceptions.SessionNotCreatedException: Message: session not created: Chrome instance exited. Examine ChromeDriver verbose log to determine the cause.; For documentation on this error, please visit: https://www.selenium.dev/documentation/webdriver/troubleshooting/errors#sessionnotcreatedexception
Stacktrace:
	chromedriver!GetHandleVerifier [0xf6b373+10553]
	chromedriver!GetHandleVerifier [0xf6b4a4+10684]
	chromedriver!(No symbol) [0xd71e10]
	chromedriver!(No symbol) [0xda5ec8]
	chromedriver!(No symbol) [0xda2480]
	chromedriver!(No symbol) [0xde956f]
	chromedriver!(No symbol) [0xde8d87]
	chromedriver!(No symbol) [0xddd606]
	chromedriver!(No symbol) [0xdb0039]
	chromedriver!(No symbol) [0xdb0df4]
	chromedriver!GetHandleVerifier [0x11eddb4+292f94]
	chromedriver!GetHandleVerifier [0x11e937d+28e55d]
	chromedriver!GetHandleVerifier [0x1208215+2ad3f5]
	chromedriver!GetHandleVerifier [0xf84c18+29df8]
	chromedriver!GetHandleVerifier [0xf8c6fd+318dd]
	chromedriver!GetHandleVerifier [0xf73c78+18e58]
	chromedriver!GetHandleVerifier [0xf73e42+19022]
	chromedriver!GetHandleVerifier [0xf5d45f+263f]
	KERNEL32!BaseThreadInitThunk [0x75ce5d49+19]
	ntdll!RtlInitializeExceptionChain [0x7770d83b+6b]
	ntdll!RtlGetAppContainerNamedObjectPath [0x7770d7c1+231]


[2026-05-11 15:55:19] [INFO] ============================================================
[2026-05-11 15:55:19] [INFO] 启动慧分账自动下载脚本
[2026-05-11 15:55:19] [INFO] 账号: fahuojishu   日期范围: 2026-05-10 ~ 2026-05-11
[2026-05-11 15:55:19] [INFO] 下载目录: D:\桌面文件\新建文件夹\慧分账下载\downloads
[2026-05-11 15:55:19] [INFO] Chrome Profile: D:\桌面文件\新建文件夹\慧分账下载\chrome_profile
[2026-05-11 15:55:19] [INFO] ============================================================
[2026-05-11 15:55:54] [WARNING] wait_until_page_stable 超时（30s 内未达到连续 2.0s 稳定），按已稳定继续
[2026-05-11 15:55:54] [SUCCESS] 检测到已登录（chrome_profile 持久化生效），跳过登录
[2026-05-11 15:55:54] [INFO] 点击一级菜单：财务管理
[2026-05-11 15:56:24] [WARNING] wait_until_page_stable 超时（30s 内未达到连续 2.0s 稳定），按已稳定继续
[2026-05-11 15:56:24] [INFO] 点击二级菜单：收款订单查询
[2026-05-11 15:56:55] [WARNING] wait_until_page_stable 超时（30s 内未达到连续 2.0s 稳定），按已稳定继续
[2026-05-11 15:56:55] [INFO] 等待业务页加载（日期 / 查询按钮 / 表格）...
[2026-05-11 15:56:55] [INFO]   - 日期组件 OK
[2026-05-11 15:56:55] [INFO]   - 查询按钮 OK
[2026-05-11 15:56:55] [INFO]   - 主表格 OK
[2026-05-11 15:56:55] [SUCCESS] 业务页已就绪
[2026-05-11 15:56:55] [INFO] 设置日期范围: 2026-05-10 ~ 2026-05-11
[2026-05-11 15:57:03] [WARNING] wait_until_page_stable 超时（8s 内未达到连续 0.8s 稳定），按已稳定继续
[2026-05-11 15:57:11] [WARNING] wait_until_page_stable 超时（8s 内未达到连续 0.8s 稳定），按已稳定继续
[2026-05-11 15:57:20] [WARNING] wait_until_page_stable 超时（8s 内未达到连续 0.8s 稳定），按已稳定继续
[2026-05-11 15:57:20] [INFO] 日期设置完成（开始=2026-05-10, 结束=2026-05-11）
[2026-05-11 15:57:20] [INFO] 点击「查询」按钮
[2026-05-11 15:57:50] [WARNING] wait_until_page_stable 超时（30s 内未达到连续 2.0s 稳定），按已稳定继续
[2026-05-11 15:57:50] [INFO] 等待表格刷新完成...
[2026-05-11 15:58:40] [INFO] 浏览器已关闭
[2026-05-11 16:01:02] [INFO] ============================================================
[2026-05-11 16:01:02] [INFO] 启动慧分账自动下载脚本
[2026-05-11 16:01:02] [INFO] 账号: fahuojishu   日期范围: 2026-05-10 ~ 2026-05-11
[2026-05-11 16:01:02] [INFO] 下载目录: D:\桌面文件\新建文件夹\慧分账下载\downloads
[2026-05-11 16:01:02] [INFO] Chrome Profile: D:\桌面文件\新建文件夹\慧分账下载\chrome_profile
[2026-05-11 16:01:02] [INFO] ============================================================
[2026-05-11 16:01:13] [SUCCESS] 检测到已登录（chrome_profile 持久化生效），跳过登录
[2026-05-11 16:01:14] [INFO] 点击一级菜单：财务管理
[2026-05-11 16:01:16] [INFO] 点击二级菜单：收款订单查询
[2026-05-11 16:01:20] [INFO] 等待业务页加载（日期 / 查询按钮 / 表格）...
[2026-05-11 16:01:20] [INFO]   - 日期组件 OK
[2026-05-11 16:01:20] [INFO]   - 查询按钮 OK
[2026-05-11 16:01:20] [INFO]   - 主表格 OK
[2026-05-11 16:01:20] [SUCCESS] 业务页已就绪
[2026-05-11 16:01:20] [INFO] 设置日期范围: 2026-05-10 ~ 2026-05-11
[2026-05-11 16:01:21] [INFO] 日期已设置：2026-05-10
[2026-05-11 16:01:22] [INFO] 日期已设置：2026-05-11
[2026-05-11 16:01:23] [INFO] 日期设置完成（开始=2026-05-10, 结束=2026-05-11）
[2026-05-11 16:01:23] [INFO] 点击「查询」按钮
[2026-05-11 16:01:27] [INFO] 等待表格刷新完成...
[2026-05-11 16:01:29] [SUCCESS] 表格已稳定
[2026-05-11 16:01:29] [INFO] 点击「导出报表」按钮
[2026-05-11 16:02:00] [WARNING] wait_until_page_stable 超时（30s 内未达到连续 2.0s 稳定），按已稳定继续
[2026-05-11 16:02:00] [INFO] 等待下载完成（最长 300 秒）...
[2026-05-11 16:04:14] [SUCCESS] 导出完成：收款订单 2026-05-10 至 2026-05-11.xls
[2026-05-11 16:04:16] [INFO] 浏览器已关闭
[2026-05-11 16:32:49] [INFO] ============================================================
[2026-05-11 16:32:49] [INFO] 启动慧分账自动下载脚本
[2026-05-11 16:32:49] [INFO] 账号: fahuojishu   日期范围: 2026-05-10 ~ 2026-05-11
[2026-05-11 16:32:49] [INFO] 下载目录: D:\桌面文件\新建文件夹\慧分账下载\downloads
[2026-05-11 16:32:49] [INFO] Chrome Profile: D:\桌面文件\新建文件夹\慧分账下载\chrome_profile
[2026-05-11 16:32:49] [INFO] ============================================================
[2026-05-11 16:33:00] [SUCCESS] 检测到已登录（chrome_profile 持久化生效），跳过登录
[2026-05-11 16:33:00] [INFO] ────────────────────────────────────────
[2026-05-11 16:33:00] [INFO] 业务流程尝试 1/3
[2026-05-11 16:33:00] [INFO] 点击一级菜单：财务管理
[2026-05-11 16:33:02] [INFO] 点击二级菜单：收款订单查询
[2026-05-11 16:33:33] [WARNING] wait_until_page_stable 超时（30s 内未达到连续 2.0s 稳定），按已稳定继续
[2026-05-11 16:33:33] [INFO] 等待业务页加载（日期 / 查询按钮 / 表格）...
[2026-05-11 16:33:33] [INFO]   - 日期组件 OK
[2026-05-11 16:33:33] [INFO]   - 查询按钮 OK
[2026-05-11 16:33:33] [INFO]   - 主表格 OK
[2026-05-11 16:33:33] [SUCCESS] 业务页已就绪
[2026-05-11 16:33:33] [INFO] 设置日期范围: 2026-05-10 ~ 2026-05-11
[2026-05-11 16:33:33] [INFO] 日期已设置：2026-05-10
[2026-05-11 16:33:48] [WARNING] wait_until_page_stable 超时（15s 内未达到连续 1.0s 稳定），按已稳定继续
[2026-05-11 16:33:48] [INFO] 日期已设置：2026-05-11
[2026-05-11 16:34:04] [WARNING] wait_until_page_stable 超时（15s 内未达到连续 1.0s 稳定），按已稳定继续
[2026-05-11 16:34:04] [INFO] 日期设置完成（开始=2026-05-10, 结束=2026-05-11）
[2026-05-11 16:34:04] [INFO] 点击「查询」按钮
[2026-05-11 16:34:34] [WARNING] wait_until_page_stable 超时（30s 内未达到连续 2.0s 稳定），按已稳定继续
[2026-05-11 16:34:34] [INFO] 等待表格刷新完成...
[2026-05-11 16:35:08] [INFO] ============================================================
[2026-05-11 16:35:08] [INFO] 启动慧分账自动下载脚本
[2026-05-11 16:35:08] [INFO] 账号: fahuojishu   日期范围: 2026-05-10 ~ 2026-05-11
[2026-05-11 16:35:08] [INFO] 下载目录: D:\桌面文件\新建文件夹\慧分账下载\downloads
[2026-05-11 16:35:08] [INFO] Chrome Profile: D:\桌面文件\新建文件夹\慧分账下载\chrome_profile
[2026-05-11 16:35:08] [INFO] ============================================================
[2026-05-11 16:35:22] [SUCCESS] 检测到已登录（chrome_profile 持久化生效），跳过登录
[2026-05-11 16:35:23] [INFO] ────────────────────────────────────────
[2026-05-11 16:35:23] [INFO] 业务流程尝试 1/3
[2026-05-11 16:35:23] [INFO] 点击一级菜单：财务管理
[2026-05-11 16:35:25] [INFO] 点击二级菜单：收款订单查询
[2026-05-11 16:35:55] [WARNING] wait_until_page_stable 超时（30s 内未达到连续 2.0s 稳定），按已稳定继续
[2026-05-11 16:35:55] [INFO] 等待业务页加载（日期 / 查询按钮 / 表格）...
[2026-05-11 16:35:55] [INFO]   - 日期组件 OK
[2026-05-11 16:35:55] [INFO]   - 查询按钮 OK
[2026-05-11 16:35:55] [INFO]   - 主表格 OK
[2026-05-11 16:35:55] [SUCCESS] 业务页已就绪
[2026-05-11 16:35:55] [INFO] 设置日期范围: 2026-05-10 ~ 2026-05-11
[2026-05-11 16:35:56] [INFO] 日期已设置：2026-05-10
[2026-05-11 16:36:11] [WARNING] wait_until_page_stable 超时（15s 内未达到连续 1.0s 稳定），按已稳定继续
[2026-05-11 16:36:11] [INFO] 日期已设置：2026-05-11
[2026-05-11 16:36:26] [WARNING] wait_until_page_stable 超时（15s 内未达到连续 1.0s 稳定），按已稳定继续
[2026-05-11 16:36:26] [INFO] 日期设置完成（开始=2026-05-10, 结束=2026-05-11）
[2026-05-11 16:36:26] [INFO] 点击「查询」按钮
[2026-05-11 16:36:56] [WARNING] wait_until_page_stable 超时（30s 内未达到连续 2.0s 稳定），按已稳定继续
[2026-05-11 16:36:56] [INFO] 等待表格刷新完成...
[2026-05-11 16:37:56] [WARNING] wait_until_page_stable 超时（60s 内未达到连续 2.0s 稳定），按已稳定继续
[2026-05-11 16:37:56] [SUCCESS] 表格已稳定
[2026-05-11 16:37:57] [INFO] 点击「导出报表」按钮
[2026-05-11 16:38:27] [WARNING] wait_until_page_stable 超时（30s 内未达到连续 2.0s 稳定），按已稳定继续
[2026-05-11 16:38:27] [INFO] 等待下载完成（最长 120 秒）...
[2026-05-11 16:40:27] [WARNING] 第 1 次：下载等待超时（120s）
[2026-05-11 16:40:27] [INFO] 自动刷新页面后重新执行整套业务流程
[2026-05-11 16:40:31] [INFO] ────────────────────────────────────────
[2026-05-11 16:40:31] [INFO] 业务流程尝试 2/3
[2026-05-11 16:40:31] [INFO] 点击一级菜单：财务管理
[2026-05-11 16:41:03] [WARNING] wait_until_page_stable 超时（30s 内未达到连续 2.0s 稳定），按已稳定继续
[2026-05-11 16:41:03] [INFO] 点击二级菜单：收款订单查询
[2026-05-11 16:44:04] [WARNING] 第 2 次：业务流程异常 Message: 在 .ant-menu-item 中找不到文本为 '收款订单查询' 的可见元素，已观察到的文本样本: []

[2026-05-11 16:44:04] [WARNING] Traceback (most recent call last):
  File "D:\桌面文件\新建文件夹\慧分账下载\main.py", line 145, in retry_full_process
    return run_business_flow(driver)
  File "D:\桌面文件\新建文件夹\慧分账下载\main.py", line 102, in run_business_flow
    navigate_to_payorder(driver, timeout=PAGE_TIMEOUT)
    ~~~~~~~~~~~~~~~~~~~~^^^^^^^^^^^^^^^^^^^^^^^^^^^^^^
  File "D:\桌面文件\新建文件夹\慧分账下载\utils\page_actions.py", line 477, in navigate_to_payorder
    safe_click_by_text(
    ~~~~~~~~~~~~~~~~~~^
        driver, SECOND_MENU_CSS, SECOND_MENU_TEXT,
        ^^^^^^^^^^^^^^^^^^^^^^^^^^^^^^^^^^^^^^^^^^
        timeout=timeout, retries=3,
        ^^^^^^^^^^^^^^^^^^^^^^^^^^^
    )
    ^
  File "D:\桌面文件\新建文件夹\慧分账下载\utils\safe.py", line 286, in safe_click_by_text
    el = find_by_text(
        driver, css_selector, target_text,
        timeout=timeout, require_clickable=True, exact=exact,
    )
  File "D:\桌面文件\新建文件夹\慧分账下载\utils\safe.py", line 264, in find_by_text
    raise TimeoutException(
    ...<2 lines>...
    )
selenium.common.exceptions.TimeoutException: Message: 在 .ant-menu-item 中找不到文本为 '收款订单查询' 的可见元素，已观察到的文本样本: []


[2026-05-11 16:44:04] [INFO] 自动刷新页面后重新执行整套业务流程
[2026-05-11 16:44:16] [INFO] ────────────────────────────────────────
[2026-05-11 16:44:16] [INFO] 业务流程尝试 3/3
[2026-05-11 16:44:16] [INFO] 点击一级菜单：财务管理
[2026-05-11 16:44:19] [INFO] 点击二级菜单：收款订单查询
