2026-06-16 21:09:54 [成功] [1/313] 专属带领群- xiaxiaoyong-¡¡¡005688
2026-06-16 21:10:09 [成功] [2/313] 专属带领群-amile-¡¡¡003710
2026-06-16 21:10:23 [成功] [3/313] 专属带领群-anuojin-¡¡¡003716
2026-06-16 21:10:37 [成功] [4/313] 专属带领群-anyinuo-¡¡¡001119
2026-06-16 21:10:50 [成功] [5/313] 专属带领群-anyulu-¡¡¡000085
2026-06-16 21:11:04 [成功] [6/313] 专属带领群-anyuze-¡¡¡005620
2026-06-16 21:11:18 [成功] [7/313] 专属带领群-ayisi-¡¡¡003699
2026-06-16 21:11:32 [成功] [8/313] 专属带领群-baiyichen-¡¡¡002807
2026-06-16 21:11:43 [成功] [9/313] 专属带领群-baohude-¡¡¡008803
2026-06-16 21:11:57 [成功] [10/313] 专属带领群-baokailin-¡¡¡001164
2026-06-16 21:12:12 [成功] [11/313] 专属带领群-caiyouning-¡¡¡005499
2026-06-16 21:12:23 [成功] [12/313] 专属带领群-caojingxing-¡¡¡000121
2026-06-16 21:12:35 [成功] [13/313] 专属带领群-caoluyu-¡¡¡000189
2026-06-16 21:12:50 [成功] [14/313] 专属带领群-caoyuxin-¡¡¡001713
2026-06-16 21:13:02 [成功] [15/313] 专属带领群-changyimeng-¡¡¡001241
2026-06-16 21:13:17 [成功] [16/313] 专属带领群-chenchen-¡¡¡000082
2026-06-16 21:13:30 [成功] [17/313] 专属带领群-chengbingzhen-¡¡¡002899
2026-06-16 21:13:41 [成功] [18/313] 专属带领群-chengzhongyou-¡¡¡000067
2026-06-16 21:13:54 [成功] [19/313] 专属带领群-chengziyang-¡¡¡005938
2026-06-16 21:14:08 [成功] [20/313] 专属带领群-chenhongyu-¡¡¡000172
2026-06-16 21:14:21 [成功] [21/313] 专属带领群-chenjinghuang-¡¡¡005299
2026-06-16 21:14:36 [成功] [22/313] 专属带领群-chennanxi-¡¡¡000104
2026-06-16 21:14:48 [成功] [23/313] 专属带领群-chenshuyi-¡¡¡005006
2026-06-16 21:14:59 [成功] [24/313] 专属带领群-chenyi-¡¡¡000055
2026-06-16 21:15:11 [成功] [25/313] 专属带领群-chenyilin-¡¡¡003767
2026-06-16 21:15:23 [成功] [26/313] 专属带领群-chenyingyue-¡¡¡000120
2026-06-16 21:15:37 [成功] [27/313] 专属带领群-chenyouning-¡¡¡003735
2026-06-16 21:15:53 [成功] [28/313] 专属带领群-chenyujia-¡¡¡006956
2026-06-16 21:16:05 [成功] [29/313] 专属带领群-chenyunbo-¡¡¡005738
2026-06-16 21:16:16 [成功] [30/313] 专属带领群-chuzhaoxi-¡¡¡000425
2026-06-16 21:16:28 [成功] [31/313] 专属带领群-cuiliqi-¡¡¡000076
2026-06-16 21:16:42 [成功] [32/313] 专属带领群-dageni-¡¡¡000169
2026-06-16 21:16:59 [成功] [33/313] 专属带领群-daianqi-¡¡¡006131
2026-06-16 21:17:14 [成功] [34/313] 专属带领群-dingzichen-¡¡¡000054
2026-06-16 21:17:26 [成功] [35/313] 专属带领群-dongyun-¡¡¡000110
2026-06-16 21:17:39 [成功] [36/313] 专属带领群-doujingyuan-¡¡¡000093
2026-06-16 21:17:52 [成功] [37/313] 专属带领群-duolanna-¡¡¡000144
2026-06-16 21:18:06 [成功] [38/313] 专属带领群-duqiming-¡¡¡000027
2026-06-16 21:18:19 [成功] [39/313] 专属带领群-fanjiarui-¡¡¡000157
2026-06-16 21:18:31 [成功] [40/313] 专属带领群-fanruikai-¡¡¡000077
2026-06-16 21:18:43 [成功] [41/313] 专属带领群-fengbinghao-¡¡¡000112
2026-06-16 21:18:56 [成功] [42/313] 专属带领群-fenghaonan-¡¡¡000473
2026-06-16 21:19:58 [失败] [43/313] 专属带领群-fengsiyu-¡¡¡000226 -> Message: 未找到「企微码」导航元素，请检查页面是否已登录且导航栏已加载。

2026-06-16 21:21:00 [失败] [44/313] 专属带领群-fengyijie-¡¡¡005022 -> Message: 未找到「企微码」导航元素，请检查页面是否已登录且导航栏已加载。

2026-06-16 21:22:03 [失败] [45/313] 专属带领群-fumuke-¡¡¡000304 -> Message: 未找到「企微码」导航元素，请检查页面是否已登录且导航栏已加载。

2026-06-16 21:23:05 [失败] [46/313] 专属带领群-gangchunhao-¡¡¡000449 -> Message: 未找到「企微码」导航元素，请检查页面是否已登录且导航栏已加载。

2026-06-16 21:24:08 [失败] [47/313] 专属带领群-gaoyihang-¡¡¡000180 -> Message: 未找到「企微码」导航元素，请检查页面是否已登录且导航栏已加载。

2026-06-16 21:25:07 [成功] [43/313] 专属带领群-fengsiyu-¡¡¡000226
2026-06-16 21:25:20 [成功] [44/313] 专属带领群-fengyijie-¡¡¡005022
2026-06-16 21:25:34 [成功] [45/313] 专属带领群-fumuke-¡¡¡000304
2026-06-16 21:25:45 [成功] [46/313] 专属带领群-gangchunhao-¡¡¡000449
2026-06-16 21:25:58 [成功] [47/313] 专属带领群-gaoyihang-¡¡¡000180
2026-06-16 21:26:10 [成功] [48/313] 专属带领群-gongshiran-¡¡¡000097
2026-06-16 21:26:24 [成功] [49/313] 专属带领群-gongzifan-¡¡¡001269
2026-06-16 21:26:37 [成功] [50/313] 专属带领群-guanfang-¡¡¡000439
2026-06-16 21:26:48 [成功] [51/313] 专属带领群-guanshumeng-¡¡¡000073
2026-06-16 21:27:01 [成功] [52/313] 专属带领群-guixingyuan-¡¡¡002230
2026-06-16 21:27:12 [成功] [53/313] 专属带领群-guoqianyi-¡¡¡003624
2026-06-16 21:27:24 [成功] [54/313] 专属带领群-guoshuyue-¡¡¡004166
2026-06-16 21:27:38 [成功] [55/313] 专属带领群-guozijiao-¡¡¡000102
2026-06-16 21:28:40 [失败] [56/313] 专属带领群-handoudou-¡¡¡003918 -> Message: 未找到「企微码」导航元素，请检查页面是否已登录且导航栏已加载。

2026-06-16 21:28:52 [成功] [57/313] 专属带领群-hanhetian-¡¡¡000030
2026-06-16 21:29:04 [成功] [58/313] 专属带领群-hanjia-¡¡¡003891
2026-06-16 21:29:16 [成功] [59/313] 专属带领群-hanjinyao-¡¡¡000149
2026-06-16 21:29:28 [成功] [60/313] 专属带领群-hanqiaojia-¡¡¡005730
2026-06-16 21:29:41 [成功] [61/313] 专属带领群-hanyi-¡¡¡003884
2026-06-16 21:29:53 [成功] [62/313] 专属带领群-hanzhaosheng-¡¡¡003886
2026-06-16 21:30:04 [成功] [63/313] 专属带领群-haosinian-¡¡¡000145
2026-06-16 21:30:16 [成功] [64/313] 专属带领群-haoyihang-¡¡¡000106
2026-06-16 21:30:29 [成功] [65/313] 专属带领群-haoyiming-¡¡¡000185
2026-06-16 21:30:42 [成功] [66/313] 专属带领群-haoziye-¡¡¡000178
2026-06-16 21:31:12 [成功] [67/313] 专属带领群-hedongze-¡¡¡004410
2026-06-16 21:31:24 [成功] [68/313] 专属带领群-helingyao-¡¡¡005054
2026-06-16 21:31:35 [成功] [69/313] 专属带领群-hetian-¡¡¡000062
2026-06-16 21:31:47 [成功] [70/313] 专属带领群-huangxingyu-¡¡¡005731
2026-06-16 21:31:59 [成功] [71/313] 专属带领群-huangyixuan-¡¡¡004103
2026-06-16 21:32:12 [成功] [72/313] 专属带领群-hujielan-¡¡¡000086
2026-06-16 21:32:24 [成功] [73/313] 专属带领群-huyanglin-¡¡¡003003
2026-06-16 21:32:35 [成功] [74/313] 专属带领群-huyuzhuo-¡¡¡005070
2026-06-16 21:32:48 [成功] [75/313] 专属带领群-jiamulin-¡¡¡000083
2026-06-16 21:33:01 [成功] [76/313] 专属带领群-jiangchenqian-¡¡¡003147
2026-06-16 21:33:16 [成功] [77/313] 专属带领群-jianghexuan-¡¡¡000127
2026-06-16 21:33:28 [成功] [78/313] 专属带领群-jiangjiani-¡¡¡001010
2026-06-16 21:33:39 [成功] [79/313] 专属带领群-jiangyilin-¡¡¡001012
2026-06-16 21:33:51 [成功] [80/313] 专属带领群-jianing-¡¡¡000163
2026-06-16 21:34:02 [成功] [81/313] 专属带领群-jiaokunbo-¡¡¡002404
2026-06-16 21:34:14 [成功] [82/313] 专属带领群-jiaxinyi-¡¡¡000143
2026-06-16 21:34:25 [成功] [83/313] 专属带领群-jingyue-¡¡¡001689
2026-06-16 21:34:36 [成功] [84/313] 专属带领群-jishuwen-¡¡¡000028
2026-06-16 21:34:48 [成功] [85/313] 专属带领群-kangleran-¡¡¡004200
2026-06-16 21:35:01 [成功] [86/313] 专属带领群-kangyihan-¡¡¡000131
2026-06-16 21:35:14 [成功] [87/313] 专属带领群-kongxiangyan-¡¡¡000126
2026-06-16 21:35:26 [成功] [88/313] 专属带领群-langmaoning-¡¡¡000141
2026-06-16 21:35:37 [成功] [89/313] 专属带领群-leimuyan-¡¡¡003856
2026-06-16 21:35:49 [成功] [90/313] 专属带领群-leiqichen-¡¡¡000071
2026-06-16 21:36:01 [成功] [91/313] 专属带领群-leiziang-¡¡¡000134
2026-06-16 21:36:15 [成功] [92/313] 专属带领群-liangyuke-¡¡¡006297
2026-06-16 21:36:26 [成功] [93/313] 专属带领群-liangyushuo-¡¡¡002250
2026-06-16 21:36:38 [成功] [94/313] 专属带领群-lichengxi-¡¡¡001903
2026-06-16 21:36:49 [成功] [95/313] 专属带领群-lienkai-¡¡¡000184
2026-06-16 21:37:01 [成功] [96/313] 专属带领群-lijunyi-¡¡¡000094
2026-06-16 21:37:14 [成功] [97/313] 专属带领群-limingzhuo-¡¡¡000183
2026-06-16 21:37:25 [成功] [98/313] 专属带领群-linghaoran-¡¡¡000088
2026-06-16 21:37:36 [成功] [99/313] 专属带领群-lingruihan-¡¡¡000481
2026-06-16 21:37:51 [成功] [100/313] 专属带领群-linzedong-¡¡¡000152
2026-06-16 21:38:02 [成功] [101/313] 专属带领群-lisiqi-¡¡¡001887
2026-06-16 21:38:15 [成功] [102/313] 专属带领群-liuhengxi-¡¡¡005693
2026-06-16 21:38:31 [成功] [103/313] 专属带领群-liujiahe-¡¡¡000564
2026-06-16 21:38:43 [成功] [104/313] 专属带领群-liujinhe-¡¡¡000148
2026-06-16 21:38:55 [成功] [105/313] 专属带领群-liukaixin-¡¡¡000081
2026-06-16 21:39:07 [成功] [106/313] 专属带领群-liulizimo-¡¡¡000608
2026-06-16 21:39:18 [成功] [107/313] 专属带领群-liumengxuan-¡¡¡000616
2026-06-16 21:39:32 [成功] [108/313] 专属带领群-liupeimo-¡¡¡000095
2026-06-16 21:39:45 [成功] [109/313] 专属带领群-liusichen-¡¡¡007702
2026-06-16 21:39:57 [成功] [110/313] 专属带领群-liuyinuo-¡¡¡000070
2026-06-16 21:40:12 [成功] [111/313] 专属带领群-liuyitong-¡¡¡000164
2026-06-16 21:40:24 [成功] [112/313] 专属带领群-liuyitong-¡¡¡000492
2026-06-16 21:40:36 [成功] [113/313] 专属带领群-liuyuechen-¡¡¡000119
2026-06-16 21:40:48 [成功] [114/313] 专属带领群-liuyusu-¡¡¡000680
2026-06-16 21:41:01 [成功] [115/313] 专属带领群-liuzeqi-¡¡¡000637
2026-06-16 21:41:13 [成功] [116/313] 专属带领群-liuzixuan-¡¡¡000549
2026-06-16 21:41:24 [成功] [117/313] 专属带领群-lixiaoxi-¡¡¡000034
2026-06-16 21:41:36 [成功] [118/313] 专属带领群-lixinyi-¡¡¡000099
2026-06-16 21:41:49 [成功] [119/313] 专属带领群-lixinyi-¡¡¡001957
2026-06-16 21:41:59 [成功] [120/313] 专属带领群-liyihang-¡¡¡001833
2026-06-16 21:42:11 [成功] [121/313] 专属带领群-liyongmao-¡¡¡000151
2026-06-16 21:42:23 [成功] [122/313] 专属带领群-liyuwei-¡¡¡000057
2026-06-16 21:42:36 [成功] [123/313] 专属带领群-lize-¡¡¡000033
2026-06-16 21:42:50 [成功] [124/313] 专属带领群-lizhipeng-¡¡¡001971
2026-06-16 21:43:02 [成功] [125/313] 专属带领群-lizihe-¡¡¡001951
2026-06-16 21:43:15 [成功] [126/313] 专属带领群-liziya-¡¡¡001953
2026-06-16 21:43:26 [成功] [127/313] 专属带领群-luchenxi-¡¡¡000107
2026-06-16 21:43:39 [成功] [128/313] 专属带领群-luchenxiao-¡¡¡003447
2026-06-16 21:43:51 [成功] [129/313] 专属带领群-luozuntong-¡¡¡000130
2026-06-16 21:44:03 [成功] [130/313] 专属带领群-luxinran-¡¡¡000766
2026-06-16 21:44:15 [成功] [131/313] 专属带领群-luyutong-¡¡¡000771
2026-06-16 21:44:28 [成功] [132/313] 专属带领群-lvmubai-¡¡¡000158
2026-06-16 21:44:40 [成功] [133/313] 专属带领群-lvweixi-¡¡¡000052
2026-06-16 21:44:53 [成功] [134/313] 专属带领群-lvyifan-¡¡¡000090
2026-06-16 21:45:05 [成功] [135/313] 专属带领群-lvze-¡¡¡000031
2026-06-16 21:45:16 [成功] [136/313] 专属带领群-mabochen-¡¡¡000165
2026-06-16 21:45:28 [成功] [137/313] 专属带领群-machenshu-¡¡¡000123
2026-06-16 21:45:40 [成功] [138/313] 专属带领群-maxiaoke-¡¡¡000056
2026-06-16 21:45:51 [成功] [139/313] 专属带领群-mazimeng-¡¡¡004965
2026-06-16 21:46:03 [成功] [140/313] 专属带领群-mengcheng-¡¡¡000080
2026-06-16 21:46:15 [成功] [141/313] 专属带领群-mengpu-¡¡¡000177
2026-06-16 21:46:27 [成功] [142/313] 专属带领群-miaojingqiao-¡¡¡003061
2026-06-16 21:46:39 [成功] [143/313] 专属带领群-niechenxi-¡¡¡006935
2026-06-16 21:46:51 [成功] [144/313] 专属带领群-niejingyi-¡¡¡002955
2026-06-16 21:47:04 [成功] [145/313] 专属带领群-nijiayi-¡¡¡000032
2026-06-16 21:47:15 [成功] [146/313] 专属带领群-niutianyi-¡¡¡000061
2026-06-16 21:47:27 [成功] [147/313] 专属带领群-ouzimeng-¡¡¡002275
2026-06-16 21:47:40 [成功] [148/313] 专属带领群-pangyueran-¡¡¡000087
2026-06-16 21:47:53 [成功] [149/313] 专属带领群-peiqingran-¡¡¡003205
2026-06-16 21:48:06 [成功] [150/313] 专属带领群-qiaoyi-¡¡¡000103
2026-06-16 21:48:17 [成功] [151/313] 专属带领群-qinyi-¡¡¡000188
2026-06-16 21:48:27 [成功] [152/313] 专属带领群-qiukeni-¡¡¡000147
2026-06-16 21:48:42 [成功] [153/313] 专属带领群-qiyi-¡¡¡000210
2026-06-16 21:48:52 [成功] [154/313] 专属带领群-renwenlu-¡¡¡000146
2026-06-16 21:49:04 [成功] [155/313] 专属带领群-shangkaijie-¡¡¡000026
2026-06-16 21:49:15 [成功] [156/313] 专属带领群-shangmengfan-¡¡¡000043
2026-06-16 21:49:25 [成功] [157/313] 专属带领群-shanyiyang-¡¡¡000182
2026-06-16 21:49:36 [成功] [158/313] 专属带领群-shimengxuan-¡¡¡000173
2026-06-16 21:49:49 [成功] [159/313] 专属带领群-shimuyuan-¡¡¡002852
2026-06-16 21:50:00 [成功] [160/313] 专属带领群-shiweikai-¡¡¡002846
2026-06-16 21:50:16 [成功] [161/313] 专属带领群-shixiazuo-¡¡¡000092
2026-06-16 21:50:27 [成功] [162/313] 专属带领群-shuaikexin-¡¡¡000133
2026-06-16 21:50:37 [成功] [163/313] 专属带领群-sijinxue-¡¡¡000806
2026-06-16 21:50:50 [成功] [164/313] 专属带领群-sishumeng-¡¡¡000048
2026-06-16 21:51:01 [成功] [165/313] 专属带领群-songnike-¡¡¡001136
2026-06-16 21:51:11 [成功] [166/313] 专属带领群-songyuhao-¡¡¡001138
2026-06-16 21:51:22 [成功] [167/313] 专属带领群-songyuxun-¡¡¡000116
2026-06-16 21:51:33 [成功] [168/313] 专属带领群-suborui-¡¡¡000168
2026-06-16 21:51:46 [成功] [169/313] 专属带领群-sulianyong-¡¡¡003046
2026-06-16 21:51:56 [成功] [170/313] 专属带领群-sunhaochen-¡¡¡001071
2026-06-16 21:52:07 [成功] [171/313] 专属带领群-sunhaoyuan-¡¡¡000176
2026-06-16 21:52:19 [成功] [172/313] 专属带领群-sunhongxin-¡¡¡001051
2026-06-16 21:52:32 [成功] [173/313] 专属带领群-sunjiachun-¡¡¡000162
2026-06-16 21:52:45 [成功] [174/313] 专属带领群-sunjiahao-¡¡¡000047
2026-06-16 21:52:56 [成功] [175/313] 专属带领群-sunqihang-¡¡¡000108
2026-06-16 21:53:07 [成功] [176/313] 专属带领群-sunshuran-¡¡¡008147
2026-06-16 21:53:20 [成功] [177/313] 专属带领群-sunyike-¡¡¡000024
2026-06-16 21:53:31 [成功] [178/313] 专属带领群-tamuga-¡¡¡004814
2026-06-16 21:53:42 [成功] [179/313] 专属带领群-tangluke-¡¡¡005171
2026-06-16 21:53:52 [成功] [180/313] 专属带领群-tanxinchen-¡¡¡005854
2026-06-16 21:54:05 [成功] [181/313] 专属带领群-tanxiyu-¡¡¡000140
2026-06-16 21:54:15 [成功] [182/313] 专属带领群-tianjiaen-¡¡¡002778
2026-06-16 21:54:26 [成功] [183/313] 专属带领群-tongmohan-¡¡¡000317
2026-06-16 21:54:37 [成功] [184/313] 专属带领群-tuga-¡¡¡000089
2026-06-16 21:54:48 [成功] [185/313] 专属带领群-wangboran-¡¡¡000175
2026-06-16 21:54:59 [成功] [186/313] 专属带领群-wangchenhao-¡¡¡002573
2026-06-16 21:55:13 [成功] [187/313] 专属带领群-wangchongyun-¡¡¡002739
2026-06-16 21:55:26 [成功] [188/313] 专属带领群-wangheyang-¡¡¡000153
2026-06-16 21:55:36 [成功] [189/313] 专属带领群-wangjiayi-¡¡¡002452
2026-06-16 21:55:47 [成功] [190/313] 专属带领群-wangjingbo-¡¡¡002754
2026-06-16 21:55:57 [成功] [191/313] 专属带领群-wangjinghan-¡¡¡002502
2026-06-16 21:56:07 [成功] [192/313] 专属带领群-wangjunyao-¡¡¡002475
2026-06-16 21:56:18 [成功] [193/313] 专属带领群-wangkunyang-¡¡¡000161
2026-06-16 21:56:29 [成功] [194/313] 专属带领群-wangrui-¡¡¡000155
2026-06-16 21:56:42 [成功] [195/313] 专属带领群-wangshiyang-¡¡¡002532
2026-06-16 21:56:55 [成功] [196/313] 专属带领群-wangsiyi-¡¡¡000053
2026-06-16 21:57:07 [成功] [197/313] 专属带领群-wangxiaomi-¡¡¡000079
2026-06-16 21:57:21 [成功] [198/313] 专属带领群-wangxilin-¡¡¡000072
2026-06-16 21:57:34 [成功] [199/313] 专属带领群-wangxinyu-¡¡¡000064
2026-06-16 21:57:45 [成功] [200/313] 专属带领群-wangxuzhong-¡¡¡002563
2026-06-16 21:57:56 [成功] [201/313] 专属带领群-wangyanxi-¡¡¡002760
2026-06-16 21:58:07 [成功] [202/313] 专属带领群-wangyibo-¡¡¡002490
2026-06-16 21:58:17 [成功] [203/313] 专属带领群-wangyijia-¡¡¡002696
2026-06-16 21:58:28 [成功] [204/313] 专属带领群-wangyiming-¡¡¡002493
2026-06-16 21:58:40 [成功] [205/313] 专属带领群-wangyitong-¡¡¡000050
2026-06-16 21:58:50 [成功] [206/313] 专属带领群-wangyuanzhang-¡¡¡004126
2026-06-16 21:59:00 [成功] [207/313] 专属带领群-wangyuqi-¡¡¡000117
2026-06-16 21:59:11 [成功] [208/313] 专属带领群-wangyutong-¡¡¡000122
2026-06-16 21:59:22 [成功] [209/313] 专属带领群-wangyuze-¡¡¡006239
2026-06-16 21:59:32 [成功] [210/313] 专属带领群-wangze-¡¡¡000125
2026-06-16 21:59:45 [成功] [211/313] 专属带领群-wangziqi-¡¡¡002592
2026-06-16 21:59:55 [成功] [212/313] 专属带领群-wangzixuan-¡¡¡000066
2026-06-16 22:00:05 [成功] [213/313] 专属带领群-wangziyao-¡¡¡000159
2026-06-16 22:00:19 [成功] [214/313] 专属带领群-weiyilin-¡¡¡000773
2026-06-16 22:00:31 [成功] [215/313] 专属带领群-weiyimo-¡¡¡000179
2026-06-16 22:00:42 [成功] [216/313] 专属带领群-wenqianyao-¡¡¡000041
2026-06-16 22:00:55 [成功] [217/313] 专属带领群-wenzining-¡¡¡000128
2026-06-16 22:01:10 [成功] [218/313] 专属带领群-wujiaqi-¡¡¡002280
2026-06-16 22:01:29 [成功] [219/313] 专属带领群-wukaixi-¡¡¡002286
2026-06-16 22:01:39 [成功] [220/313] 专属带领群-wulanlaoshi-¡¡¡000111
2026-06-16 22:01:50 [成功] [221/313] 专属带领群-wusongmo-¡¡¡000186
2026-06-16 22:02:03 [成功] [222/313] 专属带领群-wuyuheng-¡¡¡000850
2026-06-16 22:02:14 [成功] [223/313] 专属带领群-wuyutong-¡¡¡000191
2026-06-16 22:02:29 [成功] [224/313] 专属带领群-wuziqi-¡¡¡007035
2026-06-16 22:02:42 [成功] [225/313] 专属带领群-xiangqiuge-¡¡¡000166
2026-06-16 22:02:56 [成功] [226/313] 专属带领群-xiaoshengwen-¡¡¡002981
2026-06-16 22:03:09 [成功] [227/313] 专属带领群-xiaoxianyang-¡¡¡002979
2026-06-16 22:03:21 [成功] [228/313] 专属带领群-xiaoyimo-¡¡¡002962
2026-06-16 22:03:34 [成功] [229/313] 专属带领群-xiaoyiyi-¡¡¡002965
2026-06-16 22:03:45 [成功] [230/313] 专属带领群-xiemengze-¡¡¡000170
2026-06-16 22:03:57 [成功] [231/313] 专属带领群-xieziqi-¡¡¡000174
2026-06-16 22:04:07 [成功] [232/313] 专属带领群-xingqingyang-¡¡¡000139
2026-06-16 22:04:18 [成功] [233/313] 专属带领群-xingwendi-¡¡¡000045
2026-06-16 22:04:29 [成功] [234/313] 专属带领群-xinyuxi-¡¡¡003439
2026-06-16 22:04:41 [成功] [235/313] 专属带领群-xuehanyu-¡¡¡003177
2026-06-16 22:04:53 [成功] [236/313] 专属带领群-xueweitao-¡¡¡000109
2026-06-16 22:05:04 [成功] [237/313] 专属带领群-xujiayan-¡¡¡007133
2026-06-16 22:05:15 [成功] [238/313] 专属带领群-xulinze-¡¡¡004315
2026-06-16 22:05:39 [成功] [239/313] 专属带领群-xuqiaochu-¡¡¡007512
2026-06-16 22:06:38 [成功] [240/313] 专属带领群-xuyouzhang-¡¡¡000113
2026-06-16 22:07:36 [成功] [241/313] 专属带领群-yanboqing-¡¡¡000075
2026-06-16 22:07:58 [成功] [242/313] 专属带领群-yangbingzhao-¡¡¡000096
2026-06-16 22:08:25 [成功] [243/313] 专属带领群-yangchuqi-¡¡¡004834
2026-06-16 22:08:36 [成功] [244/313] 专属带领群-yangjiarui-¡¡¡000150
2026-06-16 22:08:54 [成功] [245/313] 专属带领群-yangqingyang-¡¡¡000132
2026-06-16 22:09:53 [成功] [246/313] 专属带领群-yangtianxin-¡¡¡000105
2026-06-16 22:10:04 [成功] [247/313] 专属带领群-yangtongyao-¡¡¡000074
2026-06-16 22:10:15 [成功] [248/313] 专属带领群-yangxiaoyue-¡¡¡000025
2026-06-16 22:10:32 [成功] [249/313] 专属带领群-yangxinlin-¡¡¡000115
2026-06-16 22:11:33 [成功] [250/313] 专属带领群-yangxinzhuo-¡¡¡000042
2026-06-16 22:12:20 [成功] [251/313] 专属带领群-yangyifan-¡¡¡000049
2026-06-16 22:13:06 [成功] [252/313] 专属带领群-yangyingxi-¡¡¡000078
2026-06-16 22:13:47 [成功] [253/313] 专属带领群-yangzilin-¡¡¡002114
2026-06-16 22:14:27 [成功] [254/313] 专属带领群-yanmuqi-¡¡¡000065
2026-06-16 22:15:40 [成功] [255/313] 专属带领群-yanyiyang-¡¡¡003676
2026-06-16 22:16:22 [成功] [256/313] 专属带领群-yejinxiu-¡¡¡009206
2026-06-16 22:17:03 [成功] [257/313] 专属带领群-yinhaoxuan-¡¡¡000040
2026-06-16 22:17:43 [成功] [258/313] 专属带领群-yinmuren-¡¡¡000035
2026-06-16 22:18:24 [成功] [259/313] 专属带领群-yinyue-¡¡¡001180
2026-06-16 22:19:05 [成功] [260/313] 专属带领群-youtaoran-¡¡¡001177
2026-06-16 22:19:48 [成功] [261/313] 专属带领群-yuanhongrui-¡¡¡003200
2026-06-16 22:20:29 [成功] [262/313] 专属带领群-yunchengyu-¡¡¡000190
2026-06-16 22:21:10 [成功] [263/313] 专属带领群-yunsirui-¡¡¡000135
2026-06-16 22:21:51 [成功] [264/313] 专属带领群-yuruixi-¡¡¡000259
2026-06-16 22:22:31 [成功] [265/313] 专属带领群-yuzhengchen-¡¡¡000248
2026-06-16 22:23:12 [成功] [266/313] 专属带领群-zangjinghao-¡¡¡003020
2026-06-16 22:23:53 [成功] [267/313] 专属带领群-zhangao-¡¡¡000137
2026-06-16 22:24:34 [成功] [268/313] 专属带领群-zhangbaoyi-¡¡¡000181
2026-06-16 22:25:15 [成功] [269/313] 专属带领群-zhangenxin-¡¡¡005016
2026-06-16 22:25:56 [成功] [270/313] 专属带领群-zhanghouen-¡¡¡000037
2026-06-16 22:26:40 [成功] [271/313] 专属带领群-zhangjingran-¡¡¡000187
2026-06-16 22:27:21 [成功] [272/313] 专属带领群-zhangjinxi-¡¡¡001493
2026-06-16 22:28:02 [成功] [273/313] 专属带领群-zhangliyang-¡¡¡000124
2026-06-16 22:28:43 [成功] [274/313] 专属带领群-zhangmuyao-¡¡¡000138
2026-06-16 22:29:24 [成功] [275/313] 专属带领群-zhangmuyi-¡¡¡001394
2026-06-16 22:30:05 [成功] [276/313] 专属带领群-zhangshufang-¡¡¡004125
2026-06-16 22:30:46 [成功] [277/313] 专属带领群-zhangtongyu-¡¡¡004351
2026-06-16 22:31:27 [成功] [278/313] 专属带领群-zhangwenchong-¡¡¡001397
2026-06-16 22:32:08 [成功] [279/313] 专属带领群-zhangwenjing-¡¡¡000059
2026-06-16 22:32:52 [成功] [280/313] 专属带领群-zhangxiangfeng-¡¡¡000058
2026-06-16 22:33:39 [成功] [281/313] 专属带领群-zhangxiaomai-¡¡¡001373
2026-06-16 22:34:21 [成功] [282/313] 专属带领群-zhangxinyue-¡¡¡001405
2026-06-16 22:35:02 [成功] [283/313] 专属带领群-zhangyichen-¡¡¡000142
2026-06-16 22:35:43 [成功] [284/313] 专属带领群-zhangyouning-¡¡¡000171
2026-06-16 22:36:24 [成功] [285/313] 专属带领群-zhangyue-¡¡¡000060
2026-06-16 22:37:05 [成功] [286/313] 专属带领群-zhangzijie-¡¡¡001342
2026-06-16 22:37:46 [成功] [287/313] 专属带领群-zhangziyi-¡¡¡001432
2026-06-16 22:38:26 [成功] [288/313] 专属带领群-zhaoanran-¡¡¡003369
2026-06-16 22:39:08 [成功] [289/313] 专属带领群-zhaojincheng-¡¡¡000136
2026-06-16 22:39:49 [成功] [290/313] 专属带领群-zhaoruohan-¡¡¡000036
2026-06-16 22:40:30 [成功] [291/313] 专属带领群-zhaoxiuyuan-¡¡¡003318
2026-06-16 22:41:12 [成功] [292/313] 专属带领群-zhaoyitong-¡¡¡000029
2026-06-16 22:41:52 [成功] [293/313] 专属带领群-zhaoyuehan-¡¡¡000129
2026-06-16 22:42:33 [成功] [294/313] 专属带领群-zhaoyuexin-¡¡¡004917
2026-06-16 22:43:14 [成功] [295/313] 专属带领群-zhaoyunduo-¡¡¡000101
2026-06-16 22:43:56 [成功] [296/313] 专属带领群-zhaoyuning-¡¡¡000154
2026-06-16 22:44:38 [成功] [297/313] 专属带领群-zhaoyutong-¡¡¡003427
2026-06-16 22:45:20 [成功] [298/313] 专属带领群-zhaozechen-¡¡¡003390
2026-06-16 22:46:02 [成功] [299/313] 专属带领群-zhaozixuan-¡¡¡003335
2026-06-16 22:46:43 [成功] [300/313] 专属带领群-zhaoziyi-¡¡¡003332
2026-06-16 22:47:25 [成功] [301/313] 专属带领群-zhengjiayi-¡¡¡004902
2026-06-16 22:48:14 [成功] [302/313] 专属带领群-zhengjingke-¡¡¡008654
2026-06-16 22:49:02 [成功] [303/313] 专属带领群-zhengnuo-¡¡¡003530
2026-06-16 22:49:44 [成功] [304/313] 专属带领群-zhengpengmai-¡¡¡003527
2026-06-16 22:50:25 [成功] [305/313] 专属带领群-zhengxiaotong-¡¡¡000160
2026-06-16 22:51:11 [成功] [306/313] 专属带领群-zhengziyou-¡¡¡003512
2026-06-16 22:52:23 [成功] [307/313] 专属带领群-zhiyitao-¡¡¡001693
2026-06-16 22:53:05 [成功] [308/313] 专属带领群-zhoupeiyi-¡¡¡000925
2026-06-16 22:53:48 [成功] [309/313] 专属带领群-zhuchenfei-¡¡¡004368
2026-06-16 22:54:30 [成功] [310/313] 专属带领群-zhusiqi-¡¡¡001742
2026-06-16 22:55:18 [成功] [311/313] 专属带领群-zhuzitong-¡¡¡000098
2026-06-16 22:56:02 [成功] [312/313] 专属带领群-zoujiahua-¡¡¡000068
2026-06-16 22:56:45 [成功] [313/313] 专属带领群-zoumingyuan-¡¡¡003497
2026-06-17 10:13:02 [成功] [57/316] 专属带领群-handoudou-¡¡¡003918
2026-06-17 10:13:15 [成功] [222/316] 专属带领群-wuqingying-¡¡¡005086
2026-06-17 10:13:26 [成功] [275/316] 专属带领群-zhangjunhao-¡¡¡008504
2026-06-22 14:35:52 [成功] [158/316] 专属带领群-shenjingxi-¡¡¡002350
2026-06-22 14:44:18 [成功] [30/326] 专属带领群-chuyan-¡¡¡000424
2026-06-22 14:44:31 [成功] [49/326] 专属带领群-gejiayuan-¡¡¡003098
2026-06-22 14:44:42 [成功] [72/326] 专属带领群-huangjunjie-¡¡¡006696
2026-06-22 14:44:52 [成功] [95/326] 专属带领群-liangyingqiu-¡¡¡010093
2026-06-22 14:45:03 [成功] [159/326] 专属带领群-renyufei-¡¡¡000346
2026-06-22 14:45:13 [成功] [182/326] 专属带领群-sunqiran-¡¡¡006051
2026-06-22 14:45:24 [成功] [203/326] 专属带领群-wangshujin-¡¡¡007606
2026-06-22 14:45:54 [成功] [234/326] 专属带领群-xiangenqi-¡¡¡009199
2026-06-22 14:46:04 [成功] [294/326] 专属带领群-zhangyian-¡¡¡007152
2026-06-22 14:46:15 [成功] [320/326] 专属带领群-zhouchunru-¡¡¡010048
2026-06-22 17:28:59 [成功] [2/369] 专属带领群-adisi-¡¡¡003719
2026-06-22 17:29:13 [成功] [4/369] 专属带领群-anuodi-¡¡¡003715
2026-06-22 17:29:24 [成功] [11/369] 专属带领群-baiyisha-¡¡¡005526
2026-06-22 17:29:35 [成功] [17/369] 专属带领群-caoyingxin-¡¡¡001710
2026-06-22 17:29:46 [成功] [28/369] 专属带领群-chenxinyi-¡¡¡003771
2026-06-22 17:29:58 [成功] [40/369] 专属带领群-dainanqiao-¡¡¡001661
2026-06-22 17:30:12 [成功] [46/369] 专属带领群-fanchenghao-¡¡¡003077
2026-06-22 17:30:23 [成功] [56/369] 专属带领群-gegenzhuola-¡¡¡002227
2026-06-22 17:30:37 [成功] [79/369] 专属带领群-heshiyu-¡¡¡006012
2026-06-22 17:30:50 [成功] [81/369] 专属带领群-hexianli-¡¡¡005484
2026-06-22 17:31:03 [成功] [83/369] 专属带领群-huangliche-¡¡¡004097
2026-06-22 17:31:14 [成功] [90/369] 专属带领群-jiangbojun-¡¡¡003138
2026-06-22 17:31:28 [成功] [104/369] 专属带领群-leichaoran-¡¡¡002917
2026-06-22 17:31:41 [成功] [111/369] 专属带领群-liaoting-¡¡¡001835
2026-06-22 17:31:54 [成功] [113/369] 专属带领群-lichengyan-¡¡¡001771
2026-06-22 17:32:09 [成功] [114/369] 专属带领群-lichenye-¡¡¡004387
2026-06-22 17:32:23 [成功] [116/369] 专属带领群-lijiapei-¡¡¡001816
2026-06-22 17:32:36 [成功] [117/369] 专属带领群-lijiayi-¡¡¡007847
2026-06-22 17:32:50 [成功] [119/369] 专属带领群-lilinjin-¡¡¡001938
2026-06-22 17:33:01 [成功] [123/369] 专属带领群-linmuyang-¡¡¡002206
2026-06-22 17:33:14 [成功] [130/369] 专属带领群-liuke-¡¡¡000654
2026-06-22 17:33:25 [成功] [134/369] 专属带领群-liurongxi-¡¡¡000573
2026-06-22 17:33:37 [成功] [135/369] 专属带领群-liushixun-¡¡¡000487
2026-06-22 17:33:48 [成功] [156/369] 专属带领群-luokemu-¡¡¡007013
2026-06-22 17:34:03 [成功] [160/369] 专属带领群-lvjinyan-¡¡¡004381
2026-06-22 17:34:30 [成功] [167/369] 专属带领群-mahuishan-¡¡¡003938
2026-06-22 17:34:41 [成功] [179/369] 专属带领群-peijunran-¡¡¡003201
2026-06-22 17:34:52 [成功] [182/369] 专属带领群-qinxiao-¡¡¡002882
2026-06-22 17:35:14 [成功] [187/369] 专属带领群-renyihan-¡¡¡000328
2026-06-22 17:35:26 [成功] [216/369] 专属带领群-tangxinyao-¡¡¡006187
2026-06-22 17:35:40 [成功] [232/369] 专属带领群-wangruoyi-¡¡¡002711
2026-06-22 17:35:53 [成功] [243/369] 专属带领群-wangyiming-¡¡¡002426
2026-06-22 17:36:07 [成功] [258/369] 专属带领群-wuchenxi-¡¡¡000852
2026-06-22 17:36:20 [成功] [283/369] 专属带领群-xuxiatian-¡¡¡003220
2026-06-22 17:36:32 [成功] [284/369] 专属带领群-xuxinnuo-¡¡¡003225
2026-06-22 17:36:43 [成功] [314/369] 专属带领群-zhangchenxi-¡¡¡001409
2026-06-22 17:36:54 [成功] [325/369] 专属带领群-zhangwanshu-¡¡¡001354
2026-06-22 17:37:06 [成功] [333/369] 专属带领群-zhangyiwei-¡¡¡001275
2026-06-22 17:37:16 [成功] [336/369] 专属带领群-zhangzihao-¡¡¡001439
2026-06-22 17:37:27 [成功] [341/369] 专属带领群-zhaokexin-¡¡¡003324
2026-06-22 17:37:46 [成功] [343/369] 专属带领群-zhaoxiangyi-¡¡¡003400
2026-06-22 17:38:07 [成功] [363/369] 专属带领群-zhouxinyu-¡¡¡000917
2026-06-22 17:38:23 [成功] [366/369] 专属带领群-zhuziheng-¡¡¡001738
2026-06-29 09:48:19 [成功] [99/375] 专属带领群-jinyuheng-¡¡¡003640
2026-06-29 09:48:34 [成功] [125/375] 专属带领群-linrongchen-¡¡¡002197
2026-06-29 09:48:46 [成功] [139/375] 专属带领群-liuyanghaolang-¡¡¡007920
2026-06-29 09:48:57 [成功] [151/375] 专属带领群-liyinzhuo-¡¡¡002018
2026-06-29 09:49:08 [成功] [183/375] 专属带领群-panle-¡¡¡005424
2026-06-29 09:49:22 [成功] [259/375] 专属带领群-wanqingxiangrui-¡¡¡000044
